#
# There is insufficient memory for the Java Runtime Environment to continue.
# Native memory allocation (mmap) failed to map 183500800 bytes for G1 virtual space
# Possible reasons:
#   The system is out of physical RAM or swap space
#   The process is running with CompressedOops enabled, and the Java Heap may be blocking the growth of the native heap
# Possible solutions:
#   Reduce memory load on the system
#   Increase physical memory or swap space
#   Check if swap backing store is full
#   Decrease Java heap size (-Xmx/-Xms)
#   Decrease number of Java threads
#   Decrease Java thread stack sizes (-Xss)
#   Set larger code cache with -XX:ReservedCodeCacheSize=
#   JVM is running with Unscaled Compressed Oops mode in which the Java heap is
#     placed in the first 4GB address space. The Java Heap base address is the
#     maximum limit for the native heap growth. Please use -XX:HeapBaseMinAddress
#     to set the Java Heap base and to place the Java Heap above 4GB virtual address.
# This output file may be truncated or incomplete.
#
#  Out of Memory Error (os_windows.cpp:3769), pid=12048, tid=2072
#
# JRE version: OpenJDK Runtime Environment (17.0.6) (build 17.0.6+0-b2043.56-10027231)
# Java VM: OpenJDK 64-Bit Server VM (17.0.6+0-b2043.56-10027231, mixed mode, tiered, compressed oops, compressed class ptrs, g1 gc, windows-amd64)
# No core dump will be written. Minidumps are not enabled by default on client versions of Windows
#

---------------  S U M M A R Y ------------

Command Line: --add-opens=java.base/java.util=ALL-UNNAMED --add-opens=java.base/java.lang=ALL-UNNAMED --add-opens=java.base/java.lang.invoke=ALL-UNNAMED --add-opens=java.base/java.util=ALL-UNNAMED --add-opens=java.prefs/java.util.prefs=ALL-UNNAMED --add-opens=java.prefs/java.util.prefs=ALL-UNNAMED --add-opens=java.base/java.nio.charset=ALL-UNNAMED --add-opens=java.base/java.net=ALL-UNNAMED --add-opens=java.base/java.util.concurrent.atomic=ALL-UNNAMED -Xmx2048m -Dfile.encoding=UTF-8 -Duser.country=ID -Duser.language=en -Duser.variant org.gradle.launcher.daemon.bootstrap.GradleDaemon 7.5

Host: AMD Ryzen 5 5500U with Radeon Graphics         , 12 cores, 5G,  Windows 10 , 64 bit Build 19041 (10.0.19041.3570)
Time: Fri Oct 27 23:42:12 2023 SE Asia Standard Time elapsed time: 14.175404 seconds (0d 0h 0m 14s)

---------------  T H R E A D  ---------------

Current thread (0x000002277fd58bb0):  VMThread "VM Thread" [stack: 0x0000005ddf400000,0x0000005ddf500000] [id=2072]

Stack: [0x0000005ddf400000,0x0000005ddf500000]
Native frames: (J=compiled Java code, j=interpreted, Vv=VM code, C=native code)
V  [jvm.dll+0x683c9a]
V  [jvm.dll+0x8427a4]
V  [jvm.dll+0x843f9e]
V  [jvm.dll+0x844603]
V  [jvm.dll+0x249b75]
V  [jvm.dll+0x680b69]
V  [jvm.dll+0x67505a]
V  [jvm.dll+0x309acb]
V  [jvm.dll+0x310f86]
V  [jvm.dll+0x3608ee]
V  [jvm.dll+0x360b1f]
V  [jvm.dll+0x2dfbf8]
V  [jvm.dll+0x2ddec4]
V  [jvm.dll+0x2dd4cc]
V  [jvm.dll+0x321f3b]
V  [jvm.dll+0x848ccb]
V  [jvm.dll+0x849a04]
V  [jvm.dll+0x849f1d]
V  [jvm.dll+0x84a2f4]
V  [jvm.dll+0x84a3c0]
V  [jvm.dll+0x7f274a]
V  [jvm.dll+0x682ad5]
C  [ucrtbase.dll+0x21bb2]
C  [KERNEL32.DLL+0x17344]
C  [ntdll.dll+0x526b1]

VM_Operation (0x0000005de88fc8a0): G1CollectForAllocation, mode: safepoint, requested by thread 0x0000022705b638e0


---------------  P R O C E S S  ---------------

Threads class SMR info:
_java_thread_list=0x000002270b518bb0, length=184, elements={
0x0000022765ab98a0, 0x0000022702815270, 0x00000227028160e0, 0x000002277fd6ddf0,
0x0000022702834020, 0x0000022702836ff0, 0x00000227028379a0, 0x0000022702838680,
0x0000022702839120, 0x000002270283a940, 0x00000227029ad200, 0x00000227029c4820,
0x0000022704fe6040, 0x0000022703ebc6d0, 0x0000022703beeb20, 0x0000022702d2d570,
0x0000022703304e80, 0x0000022704c45090, 0x0000022704c45560, 0x0000022704c45f00,
0x0000022704c45a30, 0x0000022704c463d0, 0x0000022704c468a0, 0x000002270523c440,
0x0000022705237270, 0x0000022705235f30, 0x0000022705236da0, 0x0000022705235a60,
0x0000022705236400, 0x00000227052368d0, 0x0000022705237740, 0x0000022705237c10,
0x000002270523a290, 0x00000227052380e0, 0x000002270523bf70, 0x000002270523ac30,
0x000002270523b100, 0x0000022705238a80, 0x0000022705238f50, 0x0000022705239420,
0x00000227052398f0, 0x0000022705239dc0, 0x000002270523b5d0, 0x000002270523baa0,
0x000002270523c910, 0x00000227052350c0, 0x0000022705235590, 0x00000227054c4290,
0x00000227054c4760, 0x00000227054bf590, 0x00000227054c20e0, 0x00000227054bf0c0,
0x00000227054be720, 0x00000227054bff30, 0x00000227054c1740, 0x00000227054c0da0,
0x00000227054bcf10, 0x00000227054bfa60, 0x00000227054c0400, 0x00000227054c38f0,
0x00000227054bebf0, 0x00000227054c3dc0, 0x00000227054c08d0, 0x00000227054c1c10,
0x00000227054c1270, 0x00000227054bdd80, 0x00000227054c25b0, 0x00000227054c2f50,
0x00000227054bd3e0, 0x00000227054bd8b0, 0x00000227054c2a80, 0x00000227054c3420,
0x00000227054be250, 0x00000227053599e0, 0x0000022705359eb0, 0x0000022705356020,
0x0000022705355680, 0x00000227053586a0, 0x000002270535a380, 0x000002270535a850,
0x0000022705355b50, 0x00000227053564f0, 0x0000022705359510, 0x0000022705353e70,
0x00000227053569c0, 0x0000022705359040, 0x0000022705354ce0, 0x0000022705357d00,
0x0000022705353000, 0x0000022705358b70, 0x00000227053534d0, 0x0000022705356e90,
0x0000022705357360, 0x00000227053539a0, 0x0000022705354340, 0x0000022705354810,
0x00000227053551b0, 0x0000022705357830, 0x00000227053581d0, 0x0000022705b41bd0,
0x0000022705b3c060, 0x0000022705b3ced0, 0x0000022705b3dd40, 0x0000022705b42f10,
0x0000022705b3d870, 0x0000022705b3e6e0, 0x0000022705b41230, 0x0000022705b41700,
0x0000022705b3e210, 0x0000022705b3ca00, 0x0000022705b420a0, 0x0000022705b3c530,
0x0000022705b3d3a0, 0x0000022705b3ebb0, 0x0000022705b42570, 0x0000022705b3f080,
0x0000022705b3f550, 0x0000022705b3fa20, 0x0000022705b42a40, 0x0000022705b433e0,
0x0000022705b403c0, 0x0000022705b438b0, 0x0000022705b3fef0, 0x0000022705b40890,
0x0000022705b40d60, 0x0000022705b64750, 0x0000022705b5ff20, 0x0000022705b63db0,
0x0000022705b5f580, 0x0000022705b650f0, 0x0000022705b608c0, 0x0000022705b64c20,
0x0000022705b65f60, 0x0000022705b66430, 0x0000022705b5ebe0, 0x0000022705b603f0,
0x0000022705b638e0, 0x0000022705b62f40, 0x0000022705b60d90, 0x0000022705b61730,
0x0000022705b65a90, 0x0000022705b625a0, 0x0000022705b62a70, 0x0000022705b61260,
0x0000022705b5fa50, 0x0000022705b655c0, 0x0000022705b61c00, 0x0000022705b620d0,
0x0000022705b5f0b0, 0x0000022705b63410, 0x0000022705b64280, 0x000002270400cf10,
0x0000022704009550, 0x000002270400dd80, 0x000002270400b700, 0x0000022704007870,
0x000002270400e250, 0x0000022704008210, 0x0000022704006ed0, 0x000002270400e720,
0x000002270400bbd0, 0x00000227040073a0, 0x00000227040086e0, 0x0000022704009080,
0x000002270400ca40, 0x0000022704007d40, 0x0000022704008bb0, 0x0000022704009a20,
0x000002270400b230, 0x000002270400c570, 0x000002270bd4f080, 0x000002270bd52a40,
0x000002270bd54250, 0x000002270bd52570, 0x000002270bd4f550, 0x000002270bd54720,
0x000002270bd51700, 0x000002270bd50d60, 0x000002270bd51230, 0x000002270bd4ced0,
0x000002270bd4d3a0, 0x000002270bd51bd0, 0x000002270bd52f10, 0x000002270bd4e210
}

Java Threads: ( => current thread )
  0x0000022765ab98a0 JavaThread "main" [_thread_blocked, id=14612, stack(0x0000005ddee00000,0x0000005ddef00000)]
  0x0000022702815270 JavaThread "Reference Handler" daemon [_thread_blocked, id=15516, stack(0x0000005ddf500000,0x0000005ddf600000)]
  0x00000227028160e0 JavaThread "Finalizer" daemon [_thread_blocked, id=25592, stack(0x0000005ddf600000,0x0000005ddf700000)]
  0x000002277fd6ddf0 JavaThread "Signal Dispatcher" daemon [_thread_blocked, id=11464, stack(0x0000005ddf700000,0x0000005ddf800000)]
  0x0000022702834020 JavaThread "Attach Listener" daemon [_thread_blocked, id=12764, stack(0x0000005ddf800000,0x0000005ddf900000)]
  0x0000022702836ff0 JavaThread "Service Thread" daemon [_thread_blocked, id=25224, stack(0x0000005ddf900000,0x0000005ddfa00000)]
  0x00000227028379a0 JavaThread "Monitor Deflation Thread" daemon [_thread_blocked, id=3128, stack(0x0000005ddfa00000,0x0000005ddfb00000)]
  0x0000022702838680 JavaThread "C2 CompilerThread0" daemon [_thread_blocked, id=22240, stack(0x0000005ddfb00000,0x0000005ddfc00000)]
  0x0000022702839120 JavaThread "C1 CompilerThread0" daemon [_thread_blocked, id=15808, stack(0x0000005ddfc00000,0x0000005ddfd00000)]
  0x000002270283a940 JavaThread "Sweeper thread" daemon [_thread_blocked, id=11880, stack(0x0000005ddfd00000,0x0000005ddfe00000)]
  0x00000227029ad200 JavaThread "Common-Cleaner" daemon [_thread_blocked, id=23912, stack(0x0000005ddfe00000,0x0000005ddff00000)]
  0x00000227029c4820 JavaThread "Notification Thread" daemon [_thread_blocked, id=9188, stack(0x0000005ddff00000,0x0000005de0000000)]
  0x0000022704fe6040 JavaThread "Daemon health stats" [_thread_blocked, id=22888, stack(0x0000005de0500000,0x0000005de0600000)]
  0x0000022703ebc6d0 JavaThread "Incoming local TCP Connector on port 61578" [_thread_in_native, id=2856, stack(0x0000005de0600000,0x0000005de0700000)]
  0x0000022703beeb20 JavaThread "Daemon periodic checks" [_thread_blocked, id=18792, stack(0x0000005de0700000,0x0000005de0800000)]
  0x0000022702d2d570 JavaThread "Daemon" [_thread_blocked, id=9088, stack(0x0000005de0800000,0x0000005de0900000)]
  0x0000022703304e80 JavaThread "Handler for socket connection from /127.0.0.1:61578 to /127.0.0.1:61579" [_thread_in_native, id=304, stack(0x0000005de0900000,0x0000005de0a00000)]
  0x0000022704c45090 JavaThread "Cancel handler" [_thread_blocked, id=9364, stack(0x0000005de0a00000,0x0000005de0b00000)]
  0x0000022704c45560 JavaThread "Daemon worker" [_thread_blocked, id=9732, stack(0x0000005de0b00000,0x0000005de0c00000)]
  0x0000022704c45f00 JavaThread "Asynchronous log dispatcher for DefaultDaemonConnection: socket connection from /127.0.0.1:61578 to /127.0.0.1:61579" [_thread_blocked, id=2664, stack(0x0000005de0c00000,0x0000005de0d00000)]
  0x0000022704c45a30 JavaThread "Stdin handler" [_thread_blocked, id=18156, stack(0x0000005de0d00000,0x0000005de0e00000)]
  0x0000022704c463d0 JavaThread "Daemon client event forwarder" [_thread_blocked, id=11472, stack(0x0000005de0e00000,0x0000005de0f00000)]
  0x0000022704c468a0 JavaThread "Cache worker for journal cache (C:\Users\A\.gradle\caches\journal-1)" [_thread_blocked, id=25204, stack(0x0000005de0f00000,0x0000005de1000000)]
  0x000002270523c440 JavaThread "File lock request listener" [_thread_in_native, id=17528, stack(0x0000005de1000000,0x0000005de1100000)]
  0x0000022705237270 JavaThread "Cache worker for file hash cache (C:\Users\A\.gradle\caches\7.5\fileHashes)" [_thread_blocked, id=3872, stack(0x0000005de1800000,0x0000005de1900000)]
  0x0000022705235f30 JavaThread "File watcher server" daemon [_thread_blocked, id=20716, stack(0x0000005de1900000,0x0000005de1a00000)]
  0x0000022705236da0 JavaThread "File watcher consumer" daemon [_thread_blocked, id=20892, stack(0x0000005de1a00000,0x0000005de1b00000)]
  0x0000022705235a60 JavaThread "Cache worker for checksums cache (C:\Kuliah alan\Semester 5\BersamaZakatApp\.gradle\7.5\checksums)" [_thread_blocked, id=3156, stack(0x0000005de1b00000,0x0000005de1c00000)]
  0x0000022705236400 JavaThread "Cache worker for cache directory md-rule (C:\Users\A\.gradle\caches\7.5\md-rule)" [_thread_blocked, id=14308, stack(0x0000005de1c00000,0x0000005de1d00000)]
  0x00000227052368d0 JavaThread "Cache worker for file content cache (C:\Users\A\.gradle\caches\7.5\fileContent)" [_thread_blocked, id=13952, stack(0x0000005de1d00000,0x0000005de1e00000)]
  0x0000022705237740 JavaThread "Cache worker for file hash cache (C:\Kuliah alan\Semester 5\BersamaZakatApp\.gradle\7.5\fileHashes)" [_thread_blocked, id=24616, stack(0x0000005de1e00000,0x0000005de1f00000)]
  0x0000022705237c10 JavaThread "Cache worker for cache directory md-supplier (C:\Users\A\.gradle\caches\7.5\md-supplier)" [_thread_blocked, id=15368, stack(0x0000005de1f00000,0x0000005de2000000)]
  0x000002270523a290 JavaThread "Cache worker for execution history cache (C:\Users\A\.gradle\caches\7.5\executionHistory)" [_thread_blocked, id=11612, stack(0x0000005de2000000,0x0000005de2100000)]
  0x00000227052380e0 JavaThread "jar transforms" [_thread_blocked, id=22076, stack(0x0000005de2100000,0x0000005de2200000)]
  0x000002270523bf70 JavaThread "jar transforms Thread 2" [_thread_blocked, id=5316, stack(0x0000005de2200000,0x0000005de2300000)]
  0x000002270523ac30 JavaThread "jar transforms Thread 3" [_thread_blocked, id=12692, stack(0x0000005de2300000,0x0000005de2400000)]
  0x000002270523b100 JavaThread "jar transforms Thread 4" [_thread_blocked, id=22972, stack(0x0000005de2400000,0x0000005de2500000)]
  0x0000022705238a80 JavaThread "Cache worker for dependencies-accessors (C:\Kuliah alan\Semester 5\BersamaZakatApp\.gradle\7.5\dependencies-accessors)" [_thread_blocked, id=12832, stack(0x0000005de2500000,0x0000005de2600000)]
  0x0000022705238f50 JavaThread "jar transforms Thread 5" [_thread_blocked, id=2432, stack(0x0000005de2600000,0x0000005de2700000)]
  0x0000022705239420 JavaThread "Cache worker for Build Output Cleanup Cache (C:\Kuliah alan\Semester 5\BersamaZakatApp\.gradle\buildOutputCleanup)" [_thread_blocked, id=2532, stack(0x0000005de2700000,0x0000005de2800000)]
  0x00000227052398f0 JavaThread "Unconstrained build operations" [_thread_blocked, id=22620, stack(0x0000005de2800000,0x0000005de2900000)]
  0x0000022705239dc0 JavaThread "Unconstrained build operations Thread 2" [_thread_blocked, id=9728, stack(0x0000005de2900000,0x0000005de2a00000)]
  0x000002270523b5d0 JavaThread "Unconstrained build operations Thread 3" [_thread_blocked, id=10992, stack(0x0000005de2a00000,0x0000005de2b00000)]
  0x000002270523baa0 JavaThread "Unconstrained build operations Thread 4" [_thread_blocked, id=17428, stack(0x0000005de2b00000,0x0000005de2c00000)]
  0x000002270523c910 JavaThread "Unconstrained build operations Thread 5" [_thread_blocked, id=11648, stack(0x0000005de2c00000,0x0000005de2d00000)]
  0x00000227052350c0 JavaThread "Unconstrained build operations Thread 6" [_thread_blocked, id=9248, stack(0x0000005de2d00000,0x0000005de2e00000)]
  0x0000022705235590 JavaThread "Unconstrained build operations Thread 7" [_thread_blocked, id=23744, stack(0x0000005de2e00000,0x0000005de2f00000)]
  0x00000227054c4290 JavaThread "Unconstrained build operations Thread 8" [_thread_blocked, id=14732, stack(0x0000005de2f00000,0x0000005de3000000)]
  0x00000227054c4760 JavaThread "Unconstrained build operations Thread 9" [_thread_blocked, id=20404, stack(0x0000005de3000000,0x0000005de3100000)]
  0x00000227054bf590 JavaThread "Unconstrained build operations Thread 10" [_thread_blocked, id=16136, stack(0x0000005de3100000,0x0000005de3200000)]
  0x00000227054c20e0 JavaThread "Unconstrained build operations Thread 11" [_thread_blocked, id=956, stack(0x0000005de3200000,0x0000005de3300000)]
  0x00000227054bf0c0 JavaThread "Unconstrained build operations Thread 12" [_thread_blocked, id=21068, stack(0x0000005de3300000,0x0000005de3400000)]
  0x00000227054be720 JavaThread "Unconstrained build operations Thread 13" [_thread_blocked, id=5036, stack(0x0000005de3400000,0x0000005de3500000)]
  0x00000227054bff30 JavaThread "Unconstrained build operations Thread 14" [_thread_blocked, id=3220, stack(0x0000005de3500000,0x0000005de3600000)]
  0x00000227054c1740 JavaThread "Unconstrained build operations Thread 15" [_thread_blocked, id=20628, stack(0x0000005de3600000,0x0000005de3700000)]
  0x00000227054c0da0 JavaThread "Unconstrained build operations Thread 16" [_thread_blocked, id=8284, stack(0x0000005de3700000,0x0000005de3800000)]
  0x00000227054bcf10 JavaThread "Unconstrained build operations Thread 17" [_thread_blocked, id=14508, stack(0x0000005de3800000,0x0000005de3900000)]
  0x00000227054bfa60 JavaThread "Unconstrained build operations Thread 18" [_thread_blocked, id=23724, stack(0x0000005de3900000,0x0000005de3a00000)]
  0x00000227054c0400 JavaThread "Unconstrained build operations Thread 19" [_thread_blocked, id=5840, stack(0x0000005de3a00000,0x0000005de3b00000)]
  0x00000227054c38f0 JavaThread "Unconstrained build operations Thread 20" [_thread_blocked, id=2640, stack(0x0000005de3b00000,0x0000005de3c00000)]
  0x00000227054bebf0 JavaThread "Unconstrained build operations Thread 21" [_thread_blocked, id=13308, stack(0x0000005de3c00000,0x0000005de3d00000)]
  0x00000227054c3dc0 JavaThread "Unconstrained build operations Thread 22" [_thread_blocked, id=20556, stack(0x0000005de3d00000,0x0000005de3e00000)]
  0x00000227054c08d0 JavaThread "Unconstrained build operations Thread 23" [_thread_blocked, id=17424, stack(0x0000005de3e00000,0x0000005de3f00000)]
  0x00000227054c1c10 JavaThread "Unconstrained build operations Thread 24" [_thread_blocked, id=19824, stack(0x0000005de3f00000,0x0000005de4000000)]
  0x00000227054c1270 JavaThread "Unconstrained build operations Thread 25" [_thread_blocked, id=12508, stack(0x0000005de4000000,0x0000005de4100000)]
  0x00000227054bdd80 JavaThread "Unconstrained build operations Thread 26" [_thread_blocked, id=14116, stack(0x0000005de4100000,0x0000005de4200000)]
  0x00000227054c25b0 JavaThread "Unconstrained build operations Thread 27" [_thread_blocked, id=20188, stack(0x0000005de4200000,0x0000005de4300000)]
  0x00000227054c2f50 JavaThread "Unconstrained build operations Thread 28" [_thread_blocked, id=13860, stack(0x0000005de4300000,0x0000005de4400000)]
  0x00000227054bd3e0 JavaThread "Unconstrained build operations Thread 29" [_thread_blocked, id=23348, stack(0x0000005de4400000,0x0000005de4500000)]
  0x00000227054bd8b0 JavaThread "Unconstrained build operations Thread 30" [_thread_blocked, id=20204, stack(0x0000005de4500000,0x0000005de4600000)]
  0x00000227054c2a80 JavaThread "Unconstrained build operations Thread 31" [_thread_blocked, id=15660, stack(0x0000005de4600000,0x0000005de4700000)]
  0x00000227054c3420 JavaThread "Unconstrained build operations Thread 32" [_thread_blocked, id=10516, stack(0x0000005de4700000,0x0000005de4800000)]
  0x00000227054be250 JavaThread "Unconstrained build operations Thread 33" [_thread_blocked, id=20832, stack(0x0000005de4800000,0x0000005de4900000)]
  0x00000227053599e0 JavaThread "Unconstrained build operations Thread 34" [_thread_blocked, id=12196, stack(0x0000005de4900000,0x0000005de4a00000)]
  0x0000022705359eb0 JavaThread "Unconstrained build operations Thread 35" [_thread_blocked, id=15892, stack(0x0000005de4a00000,0x0000005de4b00000)]
  0x0000022705356020 JavaThread "Unconstrained build operations Thread 36" [_thread_blocked, id=23284, stack(0x0000005de4b00000,0x0000005de4c00000)]
  0x0000022705355680 JavaThread "Unconstrained build operations Thread 37" [_thread_blocked, id=20176, stack(0x0000005de4c00000,0x0000005de4d00000)]
  0x00000227053586a0 JavaThread "Unconstrained build operations Thread 38" [_thread_blocked, id=11364, stack(0x0000005de4d00000,0x0000005de4e00000)]
  0x000002270535a380 JavaThread "Unconstrained build operations Thread 39" [_thread_blocked, id=15208, stack(0x0000005de4e00000,0x0000005de4f00000)]
  0x000002270535a850 JavaThread "Unconstrained build operations Thread 40" [_thread_blocked, id=22672, stack(0x0000005de4f00000,0x0000005de5000000)]
  0x0000022705355b50 JavaThread "Unconstrained build operations Thread 41" [_thread_blocked, id=22252, stack(0x0000005de5000000,0x0000005de5100000)]
  0x00000227053564f0 JavaThread "Unconstrained build operations Thread 42" [_thread_blocked, id=19160, stack(0x0000005de5100000,0x0000005de5200000)]
  0x0000022705359510 JavaThread "Unconstrained build operations Thread 43" [_thread_blocked, id=1428, stack(0x0000005de5200000,0x0000005de5300000)]
  0x0000022705353e70 JavaThread "Unconstrained build operations Thread 44" [_thread_blocked, id=25048, stack(0x0000005de5300000,0x0000005de5400000)]
  0x00000227053569c0 JavaThread "Unconstrained build operations Thread 45" [_thread_blocked, id=17740, stack(0x0000005de5400000,0x0000005de5500000)]
  0x0000022705359040 JavaThread "Unconstrained build operations Thread 46" [_thread_blocked, id=3932, stack(0x0000005de5500000,0x0000005de5600000)]
  0x0000022705354ce0 JavaThread "Unconstrained build operations Thread 47" [_thread_blocked, id=12228, stack(0x0000005de5600000,0x0000005de5700000)]
  0x0000022705357d00 JavaThread "Unconstrained build operations Thread 48" [_thread_blocked, id=23840, stack(0x0000005de5700000,0x0000005de5800000)]
  0x0000022705353000 JavaThread "Unconstrained build operations Thread 49" [_thread_blocked, id=3940, stack(0x0000005de5800000,0x0000005de5900000)]
  0x0000022705358b70 JavaThread "Unconstrained build operations Thread 50" [_thread_blocked, id=21140, stack(0x0000005de5900000,0x0000005de5a00000)]
  0x00000227053534d0 JavaThread "Unconstrained build operations Thread 51" [_thread_blocked, id=21336, stack(0x0000005de5a00000,0x0000005de5b00000)]
  0x0000022705356e90 JavaThread "Unconstrained build operations Thread 52" [_thread_blocked, id=8296, stack(0x0000005de5b00000,0x0000005de5c00000)]
  0x0000022705357360 JavaThread "Unconstrained build operations Thread 53" [_thread_blocked, id=14844, stack(0x0000005de5c00000,0x0000005de5d00000)]
  0x00000227053539a0 JavaThread "Unconstrained build operations Thread 54" [_thread_blocked, id=9068, stack(0x0000005de5d00000,0x0000005de5e00000)]
  0x0000022705354340 JavaThread "Unconstrained build operations Thread 55" [_thread_blocked, id=19704, stack(0x0000005de5e00000,0x0000005de5f00000)]
  0x0000022705354810 JavaThread "Unconstrained build operations Thread 56" [_thread_blocked, id=20524, stack(0x0000005de5f00000,0x0000005de6000000)]
  0x00000227053551b0 JavaThread "Unconstrained build operations Thread 57" [_thread_blocked, id=1052, stack(0x0000005de6000000,0x0000005de6100000)]
  0x0000022705357830 JavaThread "Unconstrained build operations Thread 58" [_thread_blocked, id=17372, stack(0x0000005de6100000,0x0000005de6200000)]
  0x00000227053581d0 JavaThread "Unconstrained build operations Thread 59" [_thread_blocked, id=1800, stack(0x0000005de6200000,0x0000005de6300000)]
  0x0000022705b41bd0 JavaThread "Unconstrained build operations Thread 60" [_thread_blocked, id=20468, stack(0x0000005de6300000,0x0000005de6400000)]
  0x0000022705b3c060 JavaThread "Unconstrained build operations Thread 61" [_thread_blocked, id=11596, stack(0x0000005de6400000,0x0000005de6500000)]
  0x0000022705b3ced0 JavaThread "Unconstrained build operations Thread 62" [_thread_blocked, id=12544, stack(0x0000005de6500000,0x0000005de6600000)]
  0x0000022705b3dd40 JavaThread "Unconstrained build operations Thread 63" [_thread_blocked, id=6896, stack(0x0000005de6600000,0x0000005de6700000)]
  0x0000022705b42f10 JavaThread "Unconstrained build operations Thread 64" [_thread_blocked, id=19092, stack(0x0000005de6700000,0x0000005de6800000)]
  0x0000022705b3d870 JavaThread "Unconstrained build operations Thread 65" [_thread_blocked, id=25068, stack(0x0000005de6800000,0x0000005de6900000)]
  0x0000022705b3e6e0 JavaThread "Unconstrained build operations Thread 66" [_thread_blocked, id=18732, stack(0x0000005de6900000,0x0000005de6a00000)]
  0x0000022705b41230 JavaThread "Unconstrained build operations Thread 67" [_thread_blocked, id=7232, stack(0x0000005de6a00000,0x0000005de6b00000)]
  0x0000022705b41700 JavaThread "Unconstrained build operations Thread 68" [_thread_blocked, id=1104, stack(0x0000005de6b00000,0x0000005de6c00000)]
  0x0000022705b3e210 JavaThread "Unconstrained build operations Thread 69" [_thread_blocked, id=19712, stack(0x0000005de6c00000,0x0000005de6d00000)]
  0x0000022705b3ca00 JavaThread "Unconstrained build operations Thread 70" [_thread_blocked, id=8612, stack(0x0000005de6d00000,0x0000005de6e00000)]
  0x0000022705b420a0 JavaThread "Unconstrained build operations Thread 71" [_thread_blocked, id=10204, stack(0x0000005de6e00000,0x0000005de6f00000)]
  0x0000022705b3c530 JavaThread "Unconstrained build operations Thread 72" [_thread_blocked, id=11996, stack(0x0000005de6f00000,0x0000005de7000000)]
  0x0000022705b3d3a0 JavaThread "Unconstrained build operations Thread 73" [_thread_blocked, id=3528, stack(0x0000005de7000000,0x0000005de7100000)]
  0x0000022705b3ebb0 JavaThread "Unconstrained build operations Thread 74" [_thread_blocked, id=22408, stack(0x0000005de7100000,0x0000005de7200000)]
  0x0000022705b42570 JavaThread "Unconstrained build operations Thread 75" [_thread_blocked, id=4640, stack(0x0000005de7200000,0x0000005de7300000)]
  0x0000022705b3f080 JavaThread "Unconstrained build operations Thread 76" [_thread_blocked, id=19968, stack(0x0000005de7300000,0x0000005de7400000)]
  0x0000022705b3f550 JavaThread "Unconstrained build operations Thread 77" [_thread_blocked, id=23524, stack(0x0000005de7400000,0x0000005de7500000)]
  0x0000022705b3fa20 JavaThread "Unconstrained build operations Thread 78" [_thread_blocked, id=5312, stack(0x0000005de7500000,0x0000005de7600000)]
  0x0000022705b42a40 JavaThread "Unconstrained build operations Thread 79" [_thread_blocked, id=1036, stack(0x0000005de7600000,0x0000005de7700000)]
  0x0000022705b433e0 JavaThread "Unconstrained build operations Thread 80" [_thread_blocked, id=17340, stack(0x0000005de7700000,0x0000005de7800000)]
  0x0000022705b403c0 JavaThread "Unconstrained build operations Thread 81" [_thread_blocked, id=20448, stack(0x0000005de7800000,0x0000005de7900000)]
  0x0000022705b438b0 JavaThread "Unconstrained build operations Thread 82" [_thread_blocked, id=21684, stack(0x0000005de7900000,0x0000005de7a00000)]
  0x0000022705b3fef0 JavaThread "Unconstrained build operations Thread 83" [_thread_blocked, id=23792, stack(0x0000005de7a00000,0x0000005de7b00000)]
  0x0000022705b40890 JavaThread "Unconstrained build operations Thread 84" [_thread_blocked, id=21092, stack(0x0000005de7b00000,0x0000005de7c00000)]
  0x0000022705b40d60 JavaThread "Unconstrained build operations Thread 85" [_thread_blocked, id=9496, stack(0x0000005de7c00000,0x0000005de7d00000)]
  0x0000022705b64750 JavaThread "Unconstrained build operations Thread 86" [_thread_blocked, id=16696, stack(0x0000005de7d00000,0x0000005de7e00000)]
  0x0000022705b5ff20 JavaThread "Unconstrained build operations Thread 87" [_thread_blocked, id=3540, stack(0x0000005de7e00000,0x0000005de7f00000)]
  0x0000022705b63db0 JavaThread "Unconstrained build operations Thread 88" [_thread_blocked, id=14132, stack(0x0000005de7f00000,0x0000005de8000000)]
  0x0000022705b5f580 JavaThread "Unconstrained build operations Thread 89" [_thread_blocked, id=3772, stack(0x0000005de8000000,0x0000005de8100000)]
  0x0000022705b650f0 JavaThread "Unconstrained build operations Thread 90" [_thread_blocked, id=16852, stack(0x0000005de8100000,0x0000005de8200000)]
  0x0000022705b608c0 JavaThread "Unconstrained build operations Thread 91" [_thread_blocked, id=12576, stack(0x0000005de8200000,0x0000005de8300000)]
  0x0000022705b64c20 JavaThread "Unconstrained build operations Thread 92" [_thread_blocked, id=18912, stack(0x0000005de8300000,0x0000005de8400000)]
  0x0000022705b65f60 JavaThread "Unconstrained build operations Thread 93" [_thread_blocked, id=172, stack(0x0000005de8400000,0x0000005de8500000)]
  0x0000022705b66430 JavaThread "Unconstrained build operations Thread 94" [_thread_blocked, id=22872, stack(0x0000005de8500000,0x0000005de8600000)]
  0x0000022705b5ebe0 JavaThread "Unconstrained build operations Thread 95" [_thread_blocked, id=18628, stack(0x0000005de8600000,0x0000005de8700000)]
  0x0000022705b603f0 JavaThread "Unconstrained build operations Thread 96" [_thread_blocked, id=23276, stack(0x0000005de8700000,0x0000005de8800000)]
  0x0000022705b638e0 JavaThread "Unconstrained build operations Thread 97" [_thread_blocked, id=23948, stack(0x0000005de8800000,0x0000005de8900000)]
  0x0000022705b62f40 JavaThread "Unconstrained build operations Thread 98" [_thread_blocked, id=21508, stack(0x0000005de8900000,0x0000005de8a00000)]
  0x0000022705b60d90 JavaThread "Unconstrained build operations Thread 99" [_thread_blocked, id=6060, stack(0x0000005de8a00000,0x0000005de8b00000)]
  0x0000022705b61730 JavaThread "Unconstrained build operations Thread 100" [_thread_blocked, id=3100, stack(0x0000005de8b00000,0x0000005de8c00000)]
  0x0000022705b65a90 JavaThread "Unconstrained build operations Thread 101" [_thread_blocked, id=18712, stack(0x0000005de8c00000,0x0000005de8d00000)]
  0x0000022705b625a0 JavaThread "Unconstrained build operations Thread 102" [_thread_blocked, id=12280, stack(0x0000005de8d00000,0x0000005de8e00000)]
  0x0000022705b62a70 JavaThread "Unconstrained build operations Thread 103" [_thread_blocked, id=7680, stack(0x0000005de8e00000,0x0000005de8f00000)]
  0x0000022705b61260 JavaThread "Unconstrained build operations Thread 104" [_thread_blocked, id=20884, stack(0x0000005de8f00000,0x0000005de9000000)]
  0x0000022705b5fa50 JavaThread "Unconstrained build operations Thread 105" [_thread_blocked, id=24292, stack(0x0000005de9000000,0x0000005de9100000)]
  0x0000022705b655c0 JavaThread "Unconstrained build operations Thread 106" [_thread_blocked, id=9052, stack(0x0000005de9100000,0x0000005de9200000)]
  0x0000022705b61c00 JavaThread "Unconstrained build operations Thread 107" [_thread_blocked, id=25096, stack(0x0000005de9200000,0x0000005de9300000)]
  0x0000022705b620d0 JavaThread "Unconstrained build operations Thread 108" [_thread_blocked, id=12784, stack(0x0000005de9300000,0x0000005de9400000)]
  0x0000022705b5f0b0 JavaThread "Unconstrained build operations Thread 109" [_thread_blocked, id=22952, stack(0x0000005de9400000,0x0000005de9500000)]
  0x0000022705b63410 JavaThread "Unconstrained build operations Thread 110" [_thread_blocked, id=8112, stack(0x0000005de9500000,0x0000005de9600000)]
  0x0000022705b64280 JavaThread "Unconstrained build operations Thread 111" [_thread_blocked, id=19292, stack(0x0000005de9600000,0x0000005de9700000)]
  0x000002270400cf10 JavaThread "Unconstrained build operations Thread 112" [_thread_blocked, id=16160, stack(0x0000005de9700000,0x0000005de9800000)]
  0x0000022704009550 JavaThread "Unconstrained build operations Thread 113" [_thread_blocked, id=13060, stack(0x0000005de9800000,0x0000005de9900000)]
  0x000002270400dd80 JavaThread "Unconstrained build operations Thread 114" [_thread_blocked, id=2196, stack(0x0000005de9900000,0x0000005de9a00000)]
  0x000002270400b700 JavaThread "Unconstrained build operations Thread 115" [_thread_blocked, id=21540, stack(0x0000005de9a00000,0x0000005de9b00000)]
  0x0000022704007870 JavaThread "Unconstrained build operations Thread 116" [_thread_blocked, id=3768, stack(0x0000005de9b00000,0x0000005de9c00000)]
  0x000002270400e250 JavaThread "Unconstrained build operations Thread 117" [_thread_blocked, id=10720, stack(0x0000005de9c00000,0x0000005de9d00000)]
  0x0000022704008210 JavaThread "Unconstrained build operations Thread 118" [_thread_blocked, id=14260, stack(0x0000005de9d00000,0x0000005de9e00000)]
  0x0000022704006ed0 JavaThread "Unconstrained build operations Thread 119" [_thread_blocked, id=6512, stack(0x0000005de9e00000,0x0000005de9f00000)]
  0x000002270400e720 JavaThread "Unconstrained build operations Thread 120" [_thread_blocked, id=22228, stack(0x0000005de9f00000,0x0000005dea000000)]
  0x000002270400bbd0 JavaThread "jar transforms Thread 6" [_thread_blocked, id=20900, stack(0x0000005dea000000,0x0000005dea100000)]
  0x00000227040073a0 JavaThread "jar transforms Thread 7" [_thread_blocked, id=24676, stack(0x0000005dea100000,0x0000005dea200000)]
  0x00000227040086e0 JavaThread "jar transforms Thread 8" [_thread_blocked, id=7768, stack(0x0000005dea200000,0x0000005dea300000)]
  0x0000022704009080 JavaThread "jar transforms Thread 9" [_thread_blocked, id=20496, stack(0x0000005dea300000,0x0000005dea400000)]
  0x000002270400ca40 JavaThread "jar transforms Thread 10" [_thread_blocked, id=16736, stack(0x0000005dea400000,0x0000005dea500000)]
  0x0000022704007d40 JavaThread "jar transforms Thread 11" [_thread_blocked, id=22304, stack(0x0000005dea500000,0x0000005dea600000)]
  0x0000022704008bb0 JavaThread "jar transforms Thread 12" [_thread_blocked, id=12736, stack(0x0000005dea600000,0x0000005dea700000)]
  0x0000022704009a20 JavaThread "build event listener" [_thread_blocked, id=12436, stack(0x0000005dea700000,0x0000005dea800000)]
  0x000002270400b230 JavaThread "Memory manager" [_thread_blocked, id=9720, stack(0x0000005dea800000,0x0000005dea900000)]
  0x000002270400c570 JavaThread "pool-3-thread-1" [_thread_blocked, id=19804, stack(0x0000005dea900000,0x0000005deaa00000)]
  0x000002270bd4f080 JavaThread "build event listener" [_thread_blocked, id=3324, stack(0x0000005deaa00000,0x0000005deab00000)]
  0x000002270bd52a40 JavaThread "included builds" [_thread_blocked, id=23196, stack(0x0000005deab00000,0x0000005deac00000)]
  0x000002270bd54250 JavaThread "Execution worker" [_thread_blocked, id=21172, stack(0x0000005deac00000,0x0000005dead00000)]
  0x000002270bd52570 JavaThread "Execution worker Thread 2" [_thread_blocked, id=17508, stack(0x0000005dead00000,0x0000005deae00000)]
  0x000002270bd4f550 JavaThread "Execution worker Thread 3" [_thread_blocked, id=9412, stack(0x0000005deae00000,0x0000005deaf00000)]
  0x000002270bd54720 JavaThread "Execution worker Thread 4" [_thread_blocked, id=6584, stack(0x0000005deaf00000,0x0000005deb000000)]
  0x000002270bd51700 JavaThread "Execution worker Thread 5" [_thread_blocked, id=18976, stack(0x0000005deb000000,0x0000005deb100000)]
  0x000002270bd50d60 JavaThread "Execution worker Thread 6" [_thread_blocked, id=21244, stack(0x0000005deb100000,0x0000005deb200000)]
  0x000002270bd51230 JavaThread "Execution worker Thread 7" [_thread_blocked, id=11368, stack(0x0000005deb200000,0x0000005deb300000)]
  0x000002270bd4ced0 JavaThread "Execution worker Thread 8" [_thread_blocked, id=25376, stack(0x0000005deb300000,0x0000005deb400000)]
  0x000002270bd4d3a0 JavaThread "Execution worker Thread 9" [_thread_blocked, id=23736, stack(0x0000005deb400000,0x0000005deb500000)]
  0x000002270bd51bd0 JavaThread "Execution worker Thread 10" [_thread_blocked, id=15504, stack(0x0000005deb500000,0x0000005deb600000)]
  0x000002270bd52f10 JavaThread "Execution worker Thread 11" [_thread_blocked, id=14992, stack(0x0000005deb600000,0x0000005deb700000)]
  0x000002270bd4e210 JavaThread "Cache worker for execution history cache (C:\Kuliah alan\Semester 5\BersamaZakatApp\.gradle\7.5\executionHistory)" [_thread_blocked, id=18588, stack(0x0000005deb700000,0x0000005deb800000)]

Other Threads:
=>0x000002277fd58bb0 VMThread "VM Thread" [stack: 0x0000005ddf400000,0x0000005ddf500000] [id=2072]
  0x00000227029ad6d0 WatcherThread [stack: 0x0000005de0000000,0x0000005de0100000] [id=25024]
  0x0000022765b19ca0 GCTaskThread "GC Thread#0" [stack: 0x0000005ddef00000,0x0000005ddf000000] [id=12372]
  0x000002270376b980 GCTaskThread "GC Thread#1" [stack: 0x0000005de0100000,0x0000005de0200000] [id=20916]
  0x0000022703ebecb0 GCTaskThread "GC Thread#2" [stack: 0x0000005de0200000,0x0000005de0300000] [id=10384]
  0x0000022703222c80 GCTaskThread "GC Thread#3" [stack: 0x0000005de0300000,0x0000005de0400000] [id=22540]
  0x0000022704345cb0 GCTaskThread "GC Thread#4" [stack: 0x0000005de0400000,0x0000005de0500000] [id=21392]
  0x0000022704edb7d0 GCTaskThread "GC Thread#5" [stack: 0x0000005de1100000,0x0000005de1200000] [id=16848]
  0x0000022704e99000 GCTaskThread "GC Thread#6" [stack: 0x0000005de1200000,0x0000005de1300000] [id=7292]
  0x0000022704d98dd0 GCTaskThread "GC Thread#7" [stack: 0x0000005de1300000,0x0000005de1400000] [id=12868]
  0x0000022704e3d030 GCTaskThread "GC Thread#8" [stack: 0x0000005de1400000,0x0000005de1500000] [id=15128]
  0x0000022704e3d2e0 GCTaskThread "GC Thread#9" [stack: 0x0000005de1500000,0x0000005de1600000] [id=20008]
  0x0000022765b2abe0 ConcurrentGCThread "G1 Main Marker" [stack: 0x0000005ddf000000,0x0000005ddf100000] [id=12880]
  0x0000022765b2cda0 ConcurrentGCThread "G1 Conc#0" [stack: 0x0000005ddf100000,0x0000005ddf200000] [id=17132]
  0x000002270520acb0 ConcurrentGCThread "G1 Conc#1" [stack: 0x0000005de1600000,0x0000005de1700000] [id=23460]
  0x0000022704f4d1e0 ConcurrentGCThread "G1 Conc#2" [stack: 0x0000005de1700000,0x0000005de1800000] [id=18484]
  0x0000022765b8d150 ConcurrentGCThread "G1 Refine#0" [stack: 0x0000005ddf200000,0x0000005ddf300000] [id=19104]
  0x0000022765b8db70 ConcurrentGCThread "G1 Service" [stack: 0x0000005ddf300000,0x0000005ddf400000] [id=17020]

Threads with active compile tasks:
C2 CompilerThread0    14233 10699 %     4       org.apache.commons.io.FilenameUtils::doNormalize @ 74 (541 bytes)

VM state: at safepoint (normal execution)

VM Mutex/Monitor currently owned by a thread:  ([mutex/lock_event])
[0x0000022765ab5a00] Threads_lock - owner thread: 0x000002277fd58bb0
[0x0000022765ab5d60] Heap_lock - owner thread: 0x0000022705b638e0

Heap address: 0x0000000080000000, size: 2048 MB, Compressed Oops mode: 32-bit

CDS archive(s) not mapped
Compressed class space mapped at: 0x0000000100000000-0x0000000140000000, reserved size: 1073741824
Narrow klass base: 0x0000000000000000, Narrow klass shift: 3, Narrow klass range: 0x140000000

GC Precious Log:
 CPUs: 12 total, 12 available
 Memory: 6005M
 Large Page Support: Disabled
 NUMA Support: Disabled
 Compressed Oops: Enabled (32-bit)
 Heap Region Size: 1M
 Heap Min Capacity: 8M
 Heap Initial Capacity: 94M
 Heap Max Capacity: 2G
 Pre-touch: Disabled
 Parallel Workers: 10
 Concurrent Workers: 3
 Concurrent Refinement Workers: 10
 Periodic GC: Disabled

Heap:
 garbage-first heap   total 179200K, used 104796K [0x0000000080000000, 0x0000000100000000)
  region size 1024K, 5 young (5120K), 5 survivors (5120K)
 Metaspace       used 92172K, committed 92800K, reserved 1130496K
  class space    used 12428K, committed 12736K, reserved 1048576K

Heap Regions: E=young(eden), S=young(survivor), O=old, HS=humongous(starts), HC=humongous(continues), CS=collection set, F=free, OA=open archive, CA=closed archive, TAMS=top-at-mark-start (previous, next)
|   0|0x0000000080000000, 0x0000000080100000, 0x0000000080100000|100%| O|  |TAMS 0x0000000080100000, 0x0000000080000000| Untracked 
|   1|0x0000000080100000, 0x0000000080200000, 0x0000000080200000|100%| O|  |TAMS 0x0000000080200000, 0x0000000080100000| Untracked 
|   2|0x0000000080200000, 0x0000000080300000, 0x0000000080300000|100%| O|  |TAMS 0x0000000080300000, 0x0000000080200000| Untracked 
|   3|0x0000000080300000, 0x0000000080400000, 0x0000000080400000|100%|HS|  |TAMS 0x0000000080400000, 0x0000000080300000| Complete 
|   4|0x0000000080400000, 0x0000000080500000, 0x0000000080500000|100%|HC|  |TAMS 0x0000000080500000, 0x0000000080400000| Complete 
|   5|0x0000000080500000, 0x0000000080600000, 0x0000000080600000|100%|HC|  |TAMS 0x0000000080600000, 0x0000000080500000| Complete 
|   6|0x0000000080600000, 0x0000000080700000, 0x0000000080700000|100%| O|  |TAMS 0x0000000080700000, 0x0000000080600000| Untracked 
|   7|0x0000000080700000, 0x0000000080800000, 0x0000000080800000|100%| O|  |TAMS 0x0000000080800000, 0x0000000080700000| Untracked 
|   8|0x0000000080800000, 0x0000000080900000, 0x0000000080900000|100%| O|  |TAMS 0x0000000080900000, 0x0000000080800000| Untracked 
|   9|0x0000000080900000, 0x0000000080a00000, 0x0000000080a00000|100%| O|  |TAMS 0x0000000080a00000, 0x0000000080900000| Untracked 
|  10|0x0000000080a00000, 0x0000000080b00000, 0x0000000080b00000|100%| O|  |TAMS 0x0000000080b00000, 0x0000000080a00000| Untracked 
|  11|0x0000000080b00000, 0x0000000080c00000, 0x0000000080c00000|100%| O|  |TAMS 0x0000000080c00000, 0x0000000080b00000| Untracked 
|  12|0x0000000080c00000, 0x0000000080d00000, 0x0000000080d00000|100%| O|  |TAMS 0x0000000080d00000, 0x0000000080c00000| Untracked 
|  13|0x0000000080d00000, 0x0000000080e00000, 0x0000000080e00000|100%| O|  |TAMS 0x0000000080e00000, 0x0000000080d00000| Untracked 
|  14|0x0000000080e00000, 0x0000000080f00000, 0x0000000080f00000|100%| O|  |TAMS 0x0000000080f00000, 0x0000000080e00000| Untracked 
|  15|0x0000000080f00000, 0x0000000081000000, 0x0000000081000000|100%| O|  |TAMS 0x0000000081000000, 0x0000000080f00000| Untracked 
|  16|0x0000000081000000, 0x0000000081100000, 0x0000000081100000|100%| O|  |TAMS 0x0000000081100000, 0x0000000081000000| Untracked 
|  17|0x0000000081100000, 0x0000000081200000, 0x0000000081200000|100%| O|  |TAMS 0x0000000081200000, 0x0000000081100000| Untracked 
|  18|0x0000000081200000, 0x0000000081300000, 0x0000000081300000|100%| O|  |TAMS 0x0000000081300000, 0x0000000081200000| Untracked 
|  19|0x0000000081300000, 0x0000000081400000, 0x0000000081400000|100%| O|  |TAMS 0x0000000081400000, 0x0000000081300000| Untracked 
|  20|0x0000000081400000, 0x0000000081500000, 0x0000000081500000|100%| O|  |TAMS 0x0000000081500000, 0x0000000081400000| Untracked 
|  21|0x0000000081500000, 0x0000000081600000, 0x0000000081600000|100%| O|  |TAMS 0x0000000081600000, 0x0000000081500000| Untracked 
|  22|0x0000000081600000, 0x0000000081700000, 0x0000000081700000|100%| O|  |TAMS 0x0000000081700000, 0x0000000081600000| Untracked 
|  23|0x0000000081700000, 0x0000000081800000, 0x0000000081800000|100%| O|  |TAMS 0x0000000081800000, 0x0000000081700000| Untracked 
|  24|0x0000000081800000, 0x0000000081900000, 0x0000000081900000|100%| O|  |TAMS 0x0000000081900000, 0x0000000081800000| Untracked 
|  25|0x0000000081900000, 0x0000000081a00000, 0x0000000081a00000|100%| O|  |TAMS 0x0000000081a00000, 0x0000000081900000| Untracked 
|  26|0x0000000081a00000, 0x0000000081b00000, 0x0000000081b00000|100%| O|  |TAMS 0x0000000081b00000, 0x0000000081a00000| Untracked 
|  27|0x0000000081b00000, 0x0000000081c00000, 0x0000000081c00000|100%| O|  |TAMS 0x0000000081c00000, 0x0000000081b00000| Untracked 
|  28|0x0000000081c00000, 0x0000000081d00000, 0x0000000081d00000|100%| O|  |TAMS 0x0000000081d00000, 0x0000000081c00000| Untracked 
|  29|0x0000000081d00000, 0x0000000081e00000, 0x0000000081e00000|100%| O|  |TAMS 0x0000000081e00000, 0x0000000081d00000| Untracked 
|  30|0x0000000081e00000, 0x0000000081f00000, 0x0000000081f00000|100%|HS|  |TAMS 0x0000000081f00000, 0x0000000081e00000| Complete 
|  31|0x0000000081f00000, 0x0000000082000000, 0x0000000082000000|100%|HS|  |TAMS 0x0000000082000000, 0x0000000081f00000| Complete 
|  32|0x0000000082000000, 0x0000000082100000, 0x0000000082100000|100%|HS|  |TAMS 0x0000000082100000, 0x0000000082000000| Complete 
|  33|0x0000000082100000, 0x0000000082200000, 0x0000000082200000|100%|HC|  |TAMS 0x0000000082200000, 0x0000000082100000| Complete 
|  34|0x0000000082200000, 0x0000000082300000, 0x0000000082300000|100%| O|  |TAMS 0x0000000082300000, 0x0000000082200000| Untracked 
|  35|0x0000000082300000, 0x0000000082400000, 0x0000000082400000|100%| O|  |TAMS 0x0000000082400000, 0x0000000082300000| Untracked 
|  36|0x0000000082400000, 0x0000000082400000, 0x0000000082500000|  0%| F|  |TAMS 0x0000000082400000, 0x0000000082400000| Untracked 
|  37|0x0000000082500000, 0x0000000082600000, 0x0000000082600000|100%| O|  |TAMS 0x0000000082600000, 0x0000000082500000| Untracked 
|  38|0x0000000082600000, 0x0000000082600000, 0x0000000082700000|  0%| F|  |TAMS 0x0000000082600000, 0x0000000082600000| Untracked 
|  39|0x0000000082700000, 0x0000000082800000, 0x0000000082800000|100%| O|  |TAMS 0x0000000082800000, 0x0000000082700000| Untracked 
|  40|0x0000000082800000, 0x0000000082900000, 0x0000000082900000|100%| O|  |TAMS 0x0000000082900000, 0x0000000082800000| Untracked 
|  41|0x0000000082900000, 0x0000000082a00000, 0x0000000082a00000|100%|HS|  |TAMS 0x0000000082a00000, 0x0000000082900000| Complete 
|  42|0x0000000082a00000, 0x0000000082b00000, 0x0000000082b00000|100%|HC|  |TAMS 0x0000000082b00000, 0x0000000082a00000| Complete 
|  43|0x0000000082b00000, 0x0000000082c00000, 0x0000000082c00000|100%|HC|  |TAMS 0x0000000082c00000, 0x0000000082b00000| Complete 
|  44|0x0000000082c00000, 0x0000000082d00000, 0x0000000082d00000|100%|HC|  |TAMS 0x0000000082d00000, 0x0000000082c00000| Complete 
|  45|0x0000000082d00000, 0x0000000082e00000, 0x0000000082e00000|100%| O|  |TAMS 0x0000000082e00000, 0x0000000082d00000| Untracked 
|  46|0x0000000082e00000, 0x0000000082f00000, 0x0000000082f00000|100%| O|  |TAMS 0x0000000082f00000, 0x0000000082e00000| Untracked 
|  47|0x0000000082f00000, 0x0000000083000000, 0x0000000083000000|100%| O|  |TAMS 0x0000000083000000, 0x0000000082f00000| Untracked 
|  48|0x0000000083000000, 0x0000000083100000, 0x0000000083100000|100%| O|  |TAMS 0x0000000083000000, 0x0000000083000000| Untracked 
|  49|0x0000000083100000, 0x0000000083200000, 0x0000000083200000|100%| O|  |TAMS 0x0000000083200000, 0x0000000083100000| Untracked 
|  50|0x0000000083200000, 0x0000000083300000, 0x0000000083300000|100%| O|  |TAMS 0x0000000083300000, 0x0000000083200000| Untracked 
|  51|0x0000000083300000, 0x0000000083400000, 0x0000000083400000|100%| O|  |TAMS 0x0000000083400000, 0x0000000083300000| Untracked 
|  52|0x0000000083400000, 0x0000000083500000, 0x0000000083500000|100%| O|  |TAMS 0x0000000083500000, 0x0000000083400000| Untracked 
|  53|0x0000000083500000, 0x0000000083600000, 0x0000000083600000|100%| O|  |TAMS 0x0000000083600000, 0x0000000083500000| Untracked 
|  54|0x0000000083600000, 0x0000000083700000, 0x0000000083700000|100%| O|  |TAMS 0x0000000083700000, 0x0000000083600000| Untracked 
|  55|0x0000000083700000, 0x0000000083800000, 0x0000000083800000|100%| O|  |TAMS 0x0000000083800000, 0x0000000083700000| Untracked 
|  56|0x0000000083800000, 0x0000000083900000, 0x0000000083900000|100%| O|  |TAMS 0x0000000083900000, 0x0000000083800000| Untracked 
|  57|0x0000000083900000, 0x0000000083a00000, 0x0000000083a00000|100%| O|  |TAMS 0x0000000083a00000, 0x0000000083900000| Untracked 
|  58|0x0000000083a00000, 0x0000000083b00000, 0x0000000083b00000|100%| O|  |TAMS 0x0000000083b00000, 0x0000000083a00000| Untracked 
|  59|0x0000000083b00000, 0x0000000083c00000, 0x0000000083c00000|100%| O|  |TAMS 0x0000000083c00000, 0x0000000083b00000| Untracked 
|  60|0x0000000083c00000, 0x0000000083d00000, 0x0000000083d00000|100%| O|  |TAMS 0x0000000083d00000, 0x0000000083c00000| Untracked 
|  61|0x0000000083d00000, 0x0000000083e00000, 0x0000000083e00000|100%| O|  |TAMS 0x0000000083e00000, 0x0000000083d00000| Untracked 
|  62|0x0000000083e00000, 0x0000000083f00000, 0x0000000083f00000|100%| O|  |TAMS 0x0000000083f00000, 0x0000000083e00000| Untracked 
|  63|0x0000000083f00000, 0x0000000084000000, 0x0000000084000000|100%| O|  |TAMS 0x0000000084000000, 0x0000000083f00000| Untracked 
|  64|0x0000000084000000, 0x0000000084100000, 0x0000000084100000|100%| O|  |TAMS 0x0000000084100000, 0x0000000084000000| Untracked 
|  65|0x0000000084100000, 0x0000000084200000, 0x0000000084200000|100%| O|  |TAMS 0x0000000084200000, 0x0000000084100000| Untracked 
|  66|0x0000000084200000, 0x0000000084300000, 0x0000000084300000|100%| O|  |TAMS 0x0000000084300000, 0x0000000084200000| Untracked 
|  67|0x0000000084300000, 0x0000000084400000, 0x0000000084400000|100%| O|  |TAMS 0x0000000084400000, 0x0000000084300000| Untracked 
|  68|0x0000000084400000, 0x0000000084500000, 0x0000000084500000|100%| O|  |TAMS 0x0000000084500000, 0x0000000084400000| Untracked 
|  69|0x0000000084500000, 0x0000000084600000, 0x0000000084600000|100%| O|  |TAMS 0x0000000084600000, 0x0000000084500000| Untracked 
|  70|0x0000000084600000, 0x0000000084700000, 0x0000000084700000|100%| O|  |TAMS 0x0000000084700000, 0x0000000084600000| Untracked 
|  71|0x0000000084700000, 0x0000000084800000, 0x0000000084800000|100%| O|  |TAMS 0x0000000084800000, 0x0000000084700000| Untracked 
|  72|0x0000000084800000, 0x0000000084900000, 0x0000000084900000|100%| O|  |TAMS 0x0000000084900000, 0x0000000084800000| Untracked 
|  73|0x0000000084900000, 0x0000000084a00000, 0x0000000084a00000|100%| O|  |TAMS 0x0000000084a00000, 0x0000000084900000| Untracked 
|  74|0x0000000084a00000, 0x0000000084b00000, 0x0000000084b00000|100%| O|  |TAMS 0x0000000084b00000, 0x0000000084a00000| Untracked 
|  75|0x0000000084b00000, 0x0000000084c00000, 0x0000000084c00000|100%| O|  |TAMS 0x0000000084c00000, 0x0000000084b00000| Untracked 
|  76|0x0000000084c00000, 0x0000000084d00000, 0x0000000084d00000|100%| O|  |TAMS 0x0000000084d00000, 0x0000000084c00000| Untracked 
|  77|0x0000000084d00000, 0x0000000084e00000, 0x0000000084e00000|100%| O|  |TAMS 0x0000000084e00000, 0x0000000084d00000| Untracked 
|  78|0x0000000084e00000, 0x0000000084f00000, 0x0000000084f00000|100%| O|  |TAMS 0x0000000084f00000, 0x0000000084e00000| Untracked 
|  79|0x0000000084f00000, 0x0000000085000000, 0x0000000085000000|100%| O|  |TAMS 0x0000000085000000, 0x0000000084f00000| Untracked 
|  80|0x0000000085000000, 0x0000000085100000, 0x0000000085100000|100%| O|  |TAMS 0x0000000085100000, 0x0000000085000000| Untracked 
|  81|0x0000000085100000, 0x0000000085200000, 0x0000000085200000|100%| O|  |TAMS 0x0000000085200000, 0x0000000085100000| Untracked 
|  82|0x0000000085200000, 0x0000000085300000, 0x0000000085300000|100%| O|  |TAMS 0x0000000085300000, 0x0000000085200000| Untracked 
|  83|0x0000000085300000, 0x0000000085400000, 0x0000000085400000|100%| O|  |TAMS 0x0000000085400000, 0x0000000085300000| Untracked 
|  84|0x0000000085400000, 0x0000000085500000, 0x0000000085500000|100%| O|  |TAMS 0x0000000085500000, 0x0000000085400000| Untracked 
|  85|0x0000000085500000, 0x0000000085600000, 0x0000000085600000|100%| O|  |TAMS 0x0000000085600000, 0x0000000085500000| Untracked 
|  86|0x0000000085600000, 0x0000000085700000, 0x0000000085700000|100%| O|  |TAMS 0x0000000085700000, 0x0000000085600000| Untracked 
|  87|0x0000000085700000, 0x0000000085800000, 0x0000000085800000|100%| O|  |TAMS 0x0000000085800000, 0x0000000085700000| Untracked 
|  88|0x0000000085800000, 0x0000000085900000, 0x0000000085900000|100%| O|  |TAMS 0x0000000085900000, 0x0000000085800000| Untracked 
|  89|0x0000000085900000, 0x0000000085a00000, 0x0000000085a00000|100%| O|  |TAMS 0x0000000085a00000, 0x0000000085900000| Untracked 
|  90|0x0000000085a00000, 0x0000000085b00000, 0x0000000085b00000|100%| O|  |TAMS 0x0000000085b00000, 0x0000000085a00000| Untracked 
|  91|0x0000000085b00000, 0x0000000085c00000, 0x0000000085c00000|100%| O|  |TAMS 0x0000000085c00000, 0x0000000085b00000| Untracked 
|  92|0x0000000085c00000, 0x0000000085d00000, 0x0000000085d00000|100%| O|  |TAMS 0x0000000085ca3200, 0x0000000085c00000| Untracked 
|  93|0x0000000085d00000, 0x0000000085e00000, 0x0000000085e00000|100%| O|  |TAMS 0x0000000085d00000, 0x0000000085d00000| Untracked 
|  94|0x0000000085e00000, 0x0000000085f00000, 0x0000000085f00000|100%| O|  |TAMS 0x0000000085e00000, 0x0000000085e00000| Untracked 
|  95|0x0000000085f00000, 0x0000000086000000, 0x0000000086000000|100%| O|  |TAMS 0x0000000085f00000, 0x0000000085f00000| Untracked 
|  96|0x0000000086000000, 0x0000000086100000, 0x0000000086100000|100%| O|  |TAMS 0x0000000086000000, 0x0000000086000000| Untracked 
|  97|0x0000000086100000, 0x0000000086200000, 0x0000000086200000|100%| O|  |TAMS 0x0000000086100000, 0x0000000086100000| Untracked 
|  98|0x0000000086200000, 0x0000000086300000, 0x0000000086300000|100%| O|  |TAMS 0x0000000086200000, 0x0000000086200000| Untracked 
|  99|0x0000000086300000, 0x00000000863aa000, 0x0000000086400000| 66%| O|  |TAMS 0x0000000086300000, 0x0000000086300000| Untracked 
| 100|0x0000000086400000, 0x0000000086400000, 0x0000000086500000|  0%| F|  |TAMS 0x0000000086400000, 0x0000000086400000| Untracked 
| 101|0x0000000086500000, 0x0000000086500000, 0x0000000086600000|  0%| F|  |TAMS 0x0000000086500000, 0x0000000086500000| Untracked 
| 102|0x0000000086600000, 0x0000000086600000, 0x0000000086700000|  0%| F|  |TAMS 0x0000000086600000, 0x0000000086600000| Untracked 
| 103|0x0000000086700000, 0x0000000086700000, 0x0000000086800000|  0%| F|  |TAMS 0x0000000086700000, 0x0000000086700000| Untracked 
| 104|0x0000000086800000, 0x0000000086800000, 0x0000000086900000|  0%| F|  |TAMS 0x0000000086800000, 0x0000000086800000| Untracked 
| 105|0x0000000086900000, 0x0000000086900000, 0x0000000086a00000|  0%| F|  |TAMS 0x0000000086900000, 0x0000000086900000| Untracked 
| 106|0x0000000086a00000, 0x0000000086a00000, 0x0000000086b00000|  0%| F|  |TAMS 0x0000000086a00000, 0x0000000086a00000| Untracked 
| 107|0x0000000086b00000, 0x0000000086b00000, 0x0000000086c00000|  0%| F|  |TAMS 0x0000000086b00000, 0x0000000086b00000| Untracked 
| 108|0x0000000086c00000, 0x0000000086c00000, 0x0000000086d00000|  0%| F|  |TAMS 0x0000000086c00000, 0x0000000086c00000| Untracked 
| 109|0x0000000086d00000, 0x0000000086d00000, 0x0000000086e00000|  0%| F|  |TAMS 0x0000000086d00000, 0x0000000086d00000| Untracked 
| 110|0x0000000086e00000, 0x0000000086e00000, 0x0000000086f00000|  0%| F|  |TAMS 0x0000000086e00000, 0x0000000086e00000| Untracked 
| 111|0x0000000086f00000, 0x0000000086f00000, 0x0000000087000000|  0%| F|  |TAMS 0x0000000086f00000, 0x0000000086f00000| Untracked 
| 112|0x0000000087000000, 0x0000000087000000, 0x0000000087100000|  0%| F|  |TAMS 0x0000000087000000, 0x0000000087000000| Untracked 
| 113|0x0000000087100000, 0x0000000087100000, 0x0000000087200000|  0%| F|  |TAMS 0x0000000087100000, 0x0000000087100000| Untracked 
| 114|0x0000000087200000, 0x0000000087200000, 0x0000000087300000|  0%| F|  |TAMS 0x0000000087200000, 0x0000000087200000| Untracked 
| 115|0x0000000087300000, 0x0000000087300000, 0x0000000087400000|  0%| F|  |TAMS 0x0000000087300000, 0x0000000087300000| Untracked 
| 116|0x0000000087400000, 0x0000000087400000, 0x0000000087500000|  0%| F|  |TAMS 0x0000000087400000, 0x0000000087400000| Untracked 
| 117|0x0000000087500000, 0x0000000087500000, 0x0000000087600000|  0%| F|  |TAMS 0x0000000087500000, 0x0000000087500000| Untracked 
| 118|0x0000000087600000, 0x0000000087600000, 0x0000000087700000|  0%| F|  |TAMS 0x0000000087600000, 0x0000000087600000| Untracked 
| 119|0x0000000087700000, 0x0000000087700000, 0x0000000087800000|  0%| F|  |TAMS 0x0000000087700000, 0x0000000087700000| Untracked 
| 120|0x0000000087800000, 0x0000000087800000, 0x0000000087900000|  0%| F|  |TAMS 0x0000000087800000, 0x0000000087800000| Untracked 
| 121|0x0000000087900000, 0x0000000087900000, 0x0000000087a00000|  0%| F|  |TAMS 0x0000000087900000, 0x0000000087900000| Untracked 
| 122|0x0000000087a00000, 0x0000000087a00000, 0x0000000087b00000|  0%| F|  |TAMS 0x0000000087a00000, 0x0000000087a00000| Untracked 
| 123|0x0000000087b00000, 0x0000000087b00000, 0x0000000087c00000|  0%| F|  |TAMS 0x0000000087b00000, 0x0000000087b00000| Untracked 
| 124|0x0000000087c00000, 0x0000000087c00000, 0x0000000087d00000|  0%| F|  |TAMS 0x0000000087c00000, 0x0000000087c00000| Untracked 
| 125|0x0000000087d00000, 0x0000000087d00000, 0x0000000087e00000|  0%| F|  |TAMS 0x0000000087d00000, 0x0000000087d00000| Untracked 
| 126|0x0000000087e00000, 0x0000000087e00000, 0x0000000087f00000|  0%| F|  |TAMS 0x0000000087e00000, 0x0000000087e00000| Untracked 
| 127|0x0000000087f00000, 0x0000000087fad318, 0x0000000088000000| 67%| S|CS|TAMS 0x0000000087f00000, 0x0000000087f00000| Complete 
| 128|0x0000000088000000, 0x0000000088100000, 0x0000000088100000|100%| S|CS|TAMS 0x0000000088000000, 0x0000000088000000| Complete 
| 129|0x0000000088100000, 0x0000000088200000, 0x0000000088200000|100%| S|CS|TAMS 0x0000000088100000, 0x0000000088100000| Complete 
| 130|0x0000000088200000, 0x0000000088300000, 0x0000000088300000|100%| S|CS|TAMS 0x0000000088200000, 0x0000000088200000| Complete 
| 131|0x0000000088300000, 0x0000000088400000, 0x0000000088400000|100%| S|CS|TAMS 0x0000000088300000, 0x0000000088300000| Complete 
| 132|0x0000000088400000, 0x0000000088400000, 0x0000000088500000|  0%| F|  |TAMS 0x0000000088400000, 0x0000000088400000| Untracked 
| 133|0x0000000088500000, 0x0000000088500000, 0x0000000088600000|  0%| F|  |TAMS 0x0000000088500000, 0x0000000088500000| Untracked 
| 134|0x0000000088600000, 0x0000000088600000, 0x0000000088700000|  0%| F|  |TAMS 0x0000000088600000, 0x0000000088600000| Untracked 
| 135|0x0000000088700000, 0x0000000088700000, 0x0000000088800000|  0%| F|  |TAMS 0x0000000088700000, 0x0000000088700000| Untracked 
| 136|0x0000000088800000, 0x0000000088800000, 0x0000000088900000|  0%| F|  |TAMS 0x0000000088800000, 0x0000000088800000| Untracked 
| 137|0x0000000088900000, 0x0000000088900000, 0x0000000088a00000|  0%| F|  |TAMS 0x0000000088900000, 0x0000000088900000| Untracked 
| 138|0x0000000088a00000, 0x0000000088a00000, 0x0000000088b00000|  0%| F|  |TAMS 0x0000000088a00000, 0x0000000088a00000| Untracked 
| 139|0x0000000088b00000, 0x0000000088b00000, 0x0000000088c00000|  0%| F|  |TAMS 0x0000000088b00000, 0x0000000088b00000| Untracked 
| 140|0x0000000088c00000, 0x0000000088c00000, 0x0000000088d00000|  0%| F|  |TAMS 0x0000000088c00000, 0x0000000088c00000| Untracked 
| 141|0x0000000088d00000, 0x0000000088d00000, 0x0000000088e00000|  0%| F|  |TAMS 0x0000000088d00000, 0x0000000088d00000| Untracked 
| 142|0x0000000088e00000, 0x0000000088e00000, 0x0000000088f00000|  0%| F|  |TAMS 0x0000000088e00000, 0x0000000088e00000| Untracked 
| 143|0x0000000088f00000, 0x0000000088f00000, 0x0000000089000000|  0%| F|  |TAMS 0x0000000088f00000, 0x0000000088f00000| Untracked 
| 144|0x0000000089000000, 0x0000000089000000, 0x0000000089100000|  0%| F|  |TAMS 0x0000000089000000, 0x0000000089000000| Untracked 
| 145|0x0000000089100000, 0x0000000089100000, 0x0000000089200000|  0%| F|  |TAMS 0x0000000089100000, 0x0000000089100000| Untracked 
| 146|0x0000000089200000, 0x0000000089200000, 0x0000000089300000|  0%| F|  |TAMS 0x0000000089200000, 0x0000000089200000| Untracked 
| 147|0x0000000089300000, 0x0000000089300000, 0x0000000089400000|  0%| F|  |TAMS 0x0000000089300000, 0x0000000089300000| Untracked 
| 148|0x0000000089400000, 0x0000000089400000, 0x0000000089500000|  0%| F|  |TAMS 0x0000000089400000, 0x0000000089400000| Untracked 
| 149|0x0000000089500000, 0x0000000089500000, 0x0000000089600000|  0%| F|  |TAMS 0x0000000089500000, 0x0000000089500000| Untracked 
| 150|0x0000000089600000, 0x0000000089600000, 0x0000000089700000|  0%| F|  |TAMS 0x0000000089600000, 0x0000000089600000| Untracked 
| 151|0x0000000089700000, 0x0000000089700000, 0x0000000089800000|  0%| F|  |TAMS 0x0000000089700000, 0x0000000089700000| Untracked 
| 152|0x0000000089800000, 0x0000000089800000, 0x0000000089900000|  0%| F|  |TAMS 0x0000000089800000, 0x0000000089800000| Untracked 
| 153|0x0000000089900000, 0x0000000089900000, 0x0000000089a00000|  0%| F|  |TAMS 0x0000000089900000, 0x0000000089900000| Untracked 
| 154|0x0000000089a00000, 0x0000000089a00000, 0x0000000089b00000|  0%| F|  |TAMS 0x0000000089a00000, 0x0000000089a00000| Untracked 
| 155|0x0000000089b00000, 0x0000000089b00000, 0x0000000089c00000|  0%| F|  |TAMS 0x0000000089b00000, 0x0000000089b00000| Untracked 
| 156|0x0000000089c00000, 0x0000000089c00000, 0x0000000089d00000|  0%| F|  |TAMS 0x0000000089c00000, 0x0000000089c00000| Untracked 
| 157|0x0000000089d00000, 0x0000000089d00000, 0x0000000089e00000|  0%| F|  |TAMS 0x0000000089d00000, 0x0000000089d00000| Untracked 
| 158|0x0000000089e00000, 0x0000000089e00000, 0x0000000089f00000|  0%| F|  |TAMS 0x0000000089e00000, 0x0000000089e00000| Untracked 
| 159|0x0000000089f00000, 0x0000000089f00000, 0x000000008a000000|  0%| F|  |TAMS 0x0000000089f00000, 0x0000000089f00000| Untracked 
| 160|0x000000008a000000, 0x000000008a000000, 0x000000008a100000|  0%| F|  |TAMS 0x000000008a000000, 0x000000008a000000| Untracked 
| 161|0x000000008a100000, 0x000000008a100000, 0x000000008a200000|  0%| F|  |TAMS 0x000000008a100000, 0x000000008a100000| Untracked 
| 162|0x000000008a200000, 0x000000008a200000, 0x000000008a300000|  0%| F|  |TAMS 0x000000008a200000, 0x000000008a200000| Untracked 
| 163|0x000000008a300000, 0x000000008a300000, 0x000000008a400000|  0%| F|  |TAMS 0x000000008a300000, 0x000000008a300000| Untracked 
| 164|0x000000008a400000, 0x000000008a400000, 0x000000008a500000|  0%| F|  |TAMS 0x000000008a400000, 0x000000008a400000| Untracked 
| 165|0x000000008a500000, 0x000000008a500000, 0x000000008a600000|  0%| F|  |TAMS 0x000000008a500000, 0x000000008a500000| Untracked 
| 166|0x000000008a600000, 0x000000008a600000, 0x000000008a700000|  0%| F|  |TAMS 0x000000008a600000, 0x000000008a600000| Untracked 
| 167|0x000000008a700000, 0x000000008a700000, 0x000000008a800000|  0%| F|  |TAMS 0x000000008a700000, 0x000000008a700000| Untracked 
| 168|0x000000008a800000, 0x000000008a800000, 0x000000008a900000|  0%| F|  |TAMS 0x000000008a800000, 0x000000008a800000| Untracked 
| 169|0x000000008a900000, 0x000000008a900000, 0x000000008aa00000|  0%| F|  |TAMS 0x000000008a900000, 0x000000008a900000| Untracked 
| 170|0x000000008aa00000, 0x000000008aa00000, 0x000000008ab00000|  0%| F|  |TAMS 0x000000008aa00000, 0x000000008aa00000| Untracked 
| 171|0x000000008ab00000, 0x000000008ab00000, 0x000000008ac00000|  0%| F|  |TAMS 0x000000008ab00000, 0x000000008ab00000| Untracked 
| 172|0x000000008ac00000, 0x000000008ac00000, 0x000000008ad00000|  0%| F|  |TAMS 0x000000008ac00000, 0x000000008ac00000| Untracked 
| 173|0x000000008ad00000, 0x000000008ad00000, 0x000000008ae00000|  0%| F|  |TAMS 0x000000008ad00000, 0x000000008ad00000| Untracked 
| 174|0x000000008ae00000, 0x000000008ae00000, 0x000000008af00000|  0%| F|  |TAMS 0x000000008ae00000, 0x000000008ae00000| Untracked 

Card table byte_map: [0x000002277a830000,0x000002277ac30000] _byte_map_base: 0x000002277a430000

Marking Bits (Prev, Next): (CMBitMap*) 0x0000022765b1a2b0, (CMBitMap*) 0x0000022765b1a2f0
 Prev Bits: [0x000002277b030000, 0x000002277d030000)
 Next Bits: [0x000002277d030000, 0x000002277f030000)

Polling page: 0x0000022765b90000

Metaspace:

Usage:
  Non-class:     77.87 MB used.
      Class:     12.14 MB used.
       Both:     90.01 MB used.

Virtual space:
  Non-class space:       80.00 MB reserved,      78.19 MB ( 98%) committed,  10 nodes.
      Class space:        1.00 GB reserved,      12.44 MB (  1%) committed,  1 nodes.
             Both:        1.08 GB reserved,      90.62 MB (  8%) committed. 

Chunk freelists:
   Non-Class:  1.82 MB
       Class:  3.54 MB
        Both:  5.36 MB

MaxMetaspaceSize: unlimited
CompressedClassSpaceSize: 1.00 GB
Initial GC threshold: 21.00 MB
Current GC threshold: 150.00 MB
CDS: off
MetaspaceReclaimPolicy: balanced
 - commit_granule_bytes: 65536.
 - commit_granule_words: 8192.
 - virtual_space_node_default_size: 1048576.
 - enlarge_chunks_in_place: 1.
 - new_chunks_are_fully_committed: 0.
 - uncommit_free_chunks: 1.
 - use_allocation_guard: 0.
 - handle_deallocations: 1.


Internal statistics:

num_allocs_failed_limit: 6.
num_arena_births: 884.
num_arena_deaths: 22.
num_vsnodes_births: 11.
num_vsnodes_deaths: 0.
num_space_committed: 1450.
num_space_uncommitted: 0.
num_chunks_returned_to_freelist: 39.
num_chunks_taken_from_freelist: 4262.
num_chunk_merges: 18.
num_chunk_splits: 2795.
num_chunks_enlarged: 1871.
num_purges: 2.
num_inconsistent_stats: 0.

CodeHeap 'non-profiled nmethods': size=120000Kb used=4263Kb max_used=4263Kb free=115736Kb
 bounds [0x0000022772270000, 0x00000227726a0000, 0x00000227797a0000]
CodeHeap 'profiled nmethods': size=120000Kb used=18686Kb max_used=18686Kb free=101313Kb
 bounds [0x000002276a7a0000, 0x000002276b9e0000, 0x0000022771cd0000]
CodeHeap 'non-nmethods': size=5760Kb used=2376Kb max_used=2429Kb free=3383Kb
 bounds [0x0000022771cd0000, 0x0000022771f50000, 0x0000022772270000]
 total_blobs=10997 nmethods=10088 adapters=821
 compilation: enabled
              stopped_count=0, restarted_count=0
 full_count=0

Compilation events (20 events):
Event: 14.141 Thread 0x0000022702839120 11064       2       org.gradle.internal.execution.steps.CaptureStateBeforeExecutionStep$1::getWorkspace (10 bytes)
Event: 14.141 Thread 0x0000022702839120 nmethod 11064 0x000002276b9d7e90 code [0x000002276b9d8020, 0x000002276b9d8148]
Event: 14.141 Thread 0x0000022702839120 11066       2       org.gradle.api.internal.artifacts.transform.TransformationResult::builder (8 bytes)
Event: 14.142 Thread 0x0000022702839120 nmethod 11066 0x000002276b9d8210 code [0x000002276b9d83c0, 0x000002276b9d86b8]
Event: 14.143 Thread 0x0000022702839120 11067       2       org.gradle.internal.execution.steps.ResolveCachingStateStep$2::<init> (20 bytes)
Event: 14.143 Thread 0x0000022702839120 nmethod 11067 0x000002276b9d8810 code [0x000002276b9d89a0, 0x000002276b9d8bb8]
Event: 14.143 Thread 0x0000022702839120 11068       2       org.gradle.internal.execution.steps.ValidateStep$1::getWorkspace (10 bytes)
Event: 14.144 Thread 0x0000022702839120 nmethod 11068 0x000002276b9d8c90 code [0x000002276b9d8e20, 0x000002276b9d8f48]
Event: 14.147 Thread 0x0000022702839120 11069       2       org.gradle.internal.execution.steps.ResolveCachingStateStep$1::getWorkspace (10 bytes)
Event: 14.148 Thread 0x0000022702839120 nmethod 11069 0x000002276b9d9010 code [0x000002276b9d91a0, 0x000002276b9d92c8]
Event: 14.148 Thread 0x0000022702839120 11070       2       sun.nio.fs.WindowsChannelFactory$Flags::toFlags (320 bytes)
Event: 14.148 Thread 0x0000022702839120 nmethod 11070 0x000002276b9d9390 code [0x000002276b9d9680, 0x000002276b9da5b8]
Event: 14.151 Thread 0x0000022702839120 11071 %     3       org.gradle.internal.snapshot.VfsRelativePath::compareToFirstSegment @ 26 (203 bytes)
Event: 14.154 Thread 0x0000022702839120 nmethod 11071% 0x000002276b9dac10 code [0x000002276b9db080, 0x000002276b9dd5b8]
Event: 14.154 Thread 0x0000022702839120 11072   !   2       org.gradle.internal.hash.Hashing$CloningMessageDigestHashFunction::createDigest (21 bytes)
Event: 14.154 Thread 0x0000022702839120 nmethod 11072 0x000002276b9de390 code [0x000002276b9de540, 0x000002276b9de778]
Event: 14.154 Thread 0x0000022702839120 11074       2       java.nio.file.spi.FileSystemProvider::newInputStream (107 bytes)
Event: 14.155 Thread 0x0000022702839120 nmethod 11074 0x000002276b9de910 code [0x000002276b9deb60, 0x000002276b9df1d8]
Event: 14.155 Thread 0x0000022702839120 11075       2       org.gradle.internal.execution.steps.IdentityCacheStep$$Lambda$1173/0x0000000100c60748::apply (10 bytes)
Event: 14.156 Thread 0x0000022702839120 nmethod 11075 0x000002276b9df590 code [0x000002276b9df740, 0x000002276b9df8c8]

GC Heap History (20 events):
Event: 10.579 GC heap after
{Heap after GC invocations=40 (full 0):
 garbage-first heap   total 119808K, used 72768K [0x0000000080000000, 0x0000000100000000)
  region size 1024K, 4 young (4096K), 4 survivors (4096K)
 Metaspace       used 80975K, committed 81536K, reserved 1122304K
  class space    used 10908K, committed 11200K, reserved 1048576K
}
Event: 11.108 GC heap before
{Heap before GC invocations=41 (full 0):
 garbage-first heap   total 126976K, used 98368K [0x0000000080000000, 0x0000000100000000)
  region size 1024K, 29 young (29696K), 4 survivors (4096K)
 Metaspace       used 84832K, committed 85440K, reserved 1130496K
  class space    used 11457K, committed 11776K, reserved 1048576K
}
Event: 11.111 GC heap after
{Heap after GC invocations=42 (full 0):
 garbage-first heap   total 126976K, used 74390K [0x0000000080000000, 0x0000000100000000)
  region size 1024K, 4 young (4096K), 4 survivors (4096K)
 Metaspace       used 84832K, committed 85440K, reserved 1130496K
  class space    used 11457K, committed 11776K, reserved 1048576K
}
Event: 11.429 GC heap before
{Heap before GC invocations=42 (full 0):
 garbage-first heap   total 126976K, used 105110K [0x0000000080000000, 0x0000000100000000)
  region size 1024K, 34 young (34816K), 4 survivors (4096K)
 Metaspace       used 86555K, committed 87168K, reserved 1130496K
  class space    used 11684K, committed 11968K, reserved 1048576K
}
Event: 11.435 GC heap after
{Heap after GC invocations=43 (full 0):
 garbage-first heap   total 126976K, used 77698K [0x0000000080000000, 0x0000000100000000)
  region size 1024K, 5 young (5120K), 5 survivors (5120K)
 Metaspace       used 86555K, committed 87168K, reserved 1130496K
  class space    used 11684K, committed 11968K, reserved 1048576K
}
Event: 11.727 GC heap before
{Heap before GC invocations=44 (full 0):
 garbage-first heap   total 137216K, used 105346K [0x0000000080000000, 0x0000000100000000)
  region size 1024K, 32 young (32768K), 5 survivors (5120K)
 Metaspace       used 87205K, committed 87872K, reserved 1130496K
  class space    used 11770K, committed 12096K, reserved 1048576K
}
Event: 11.739 GC heap after
{Heap after GC invocations=45 (full 0):
 garbage-first heap   total 137216K, used 82063K [0x0000000080000000, 0x0000000100000000)
  region size 1024K, 4 young (4096K), 4 survivors (4096K)
 Metaspace       used 87205K, committed 87872K, reserved 1130496K
  class space    used 11770K, committed 12096K, reserved 1048576K
}
Event: 11.923 GC heap before
{Heap before GC invocations=45 (full 0):
 garbage-first heap   total 137216K, used 111759K [0x0000000080000000, 0x0000000100000000)
  region size 1024K, 34 young (34816K), 4 survivors (4096K)
 Metaspace       used 87407K, committed 88000K, reserved 1130496K
  class space    used 11778K, committed 12096K, reserved 1048576K
}
Event: 11.929 GC heap after
{Heap after GC invocations=46 (full 0):
 garbage-first heap   total 164864K, used 87613K [0x0000000080000000, 0x0000000100000000)
  region size 1024K, 5 young (5120K), 5 survivors (5120K)
 Metaspace       used 87407K, committed 88000K, reserved 1130496K
  class space    used 11778K, committed 12096K, reserved 1048576K
}
Event: 12.851 GC heap before
{Heap before GC invocations=47 (full 0):
 garbage-first heap   total 164864K, used 130621K [0x0000000080000000, 0x0000000100000000)
  region size 1024K, 48 young (49152K), 5 survivors (5120K)
 Metaspace       used 91169K, committed 91776K, reserved 1130496K
  class space    used 12340K, committed 12608K, reserved 1048576K
}
Event: 12.863 GC heap after
{Heap after GC invocations=48 (full 0):
 garbage-first heap   total 164864K, used 93817K [0x0000000080000000, 0x0000000100000000)
  region size 1024K, 6 young (6144K), 6 survivors (6144K)
 Metaspace       used 91169K, committed 91776K, reserved 1130496K
  class space    used 12340K, committed 12608K, reserved 1048576K
}
Event: 12.882 GC heap before
{Heap before GC invocations=48 (full 0):
 garbage-first heap   total 164864K, used 94841K [0x0000000080000000, 0x0000000100000000)
  region size 1024K, 8 young (8192K), 6 survivors (6144K)
 Metaspace       used 91243K, committed 91904K, reserved 1130496K
  class space    used 12358K, committed 12672K, reserved 1048576K
}
Event: 12.888 GC heap after
{Heap after GC invocations=49 (full 0):
 garbage-first heap   total 164864K, used 94860K [0x0000000080000000, 0x0000000100000000)
  region size 1024K, 1 young (1024K), 1 survivors (1024K)
 Metaspace       used 91243K, committed 91904K, reserved 1130496K
  class space    used 12358K, committed 12672K, reserved 1048576K
}
Event: 13.112 GC heap before
{Heap before GC invocations=49 (full 0):
 garbage-first heap   total 164864K, used 131724K [0x0000000080000000, 0x0000000100000000)
  region size 1024K, 38 young (38912K), 1 survivors (1024K)
 Metaspace       used 91504K, committed 92160K, reserved 1130496K
  class space    used 12392K, committed 12672K, reserved 1048576K
}
Event: 13.115 GC heap after
{Heap after GC invocations=50 (full 0):
 garbage-first heap   total 164864K, used 98919K [0x0000000080000000, 0x0000000100000000)
  region size 1024K, 5 young (5120K), 5 survivors (5120K)
 Metaspace       used 91504K, committed 92160K, reserved 1130496K
  class space    used 12392K, committed 12672K, reserved 1048576K
}
Event: 13.700 GC heap before
{Heap before GC invocations=51 (full 0):
 garbage-first heap   total 179200K, used 133735K [0x0000000080000000, 0x0000000100000000)
  region size 1024K, 40 young (40960K), 5 survivors (5120K)
 Metaspace       used 91694K, committed 92288K, reserved 1130496K
  class space    used 12395K, committed 12672K, reserved 1048576K
}
Event: 13.717 GC heap after
{Heap after GC invocations=52 (full 0):
 garbage-first heap   total 179200K, used 101698K [0x0000000080000000, 0x0000000100000000)
  region size 1024K, 5 young (5120K), 5 survivors (5120K)
 Metaspace       used 91694K, committed 92288K, reserved 1130496K
  class space    used 12395K, committed 12672K, reserved 1048576K
}
Event: 13.762 GC heap before
{Heap before GC invocations=52 (full 0):
 garbage-first heap   total 179200K, used 103746K [0x0000000080000000, 0x0000000100000000)
  region size 1024K, 8 young (8192K), 5 survivors (5120K)
 Metaspace       used 91734K, committed 92352K, reserved 1130496K
  class space    used 12395K, committed 12672K, reserved 1048576K
}
Event: 13.769 GC heap after
{Heap after GC invocations=53 (full 0):
 garbage-first heap   total 179200K, used 101029K [0x0000000080000000, 0x0000000100000000)
  region size 1024K, 1 young (1024K), 1 survivors (1024K)
 Metaspace       used 91734K, committed 92352K, reserved 1130496K
  class space    used 12395K, committed 12672K, reserved 1048576K
}
Event: 14.158 GC heap before
{Heap before GC invocations=53 (full 0):
 garbage-first heap   total 179200K, used 143013K [0x0000000080000000, 0x0000000100000000)
  region size 1024K, 43 young (44032K), 1 survivors (1024K)
 Metaspace       used 92172K, committed 92800K, reserved 1130496K
  class space    used 12428K, committed 12736K, reserved 1048576K
}

Dll operation events (2 events):
Event: 0.017 Loaded shared library C:\Program Files\Android\Android Studio\jbr\bin\java.dll
Event: 0.459 Loaded shared library C:\Program Files\Android\Android Studio\jbr\bin\verify.dll

Deoptimization events (20 events):
Event: 14.135 Thread 0x00000227054c3420 Uncommon trap: trap_request=0xfffffff4 fr.pc=0x0000022772697d80 relative=0x0000000000000da0
Event: 14.135 Thread 0x00000227054c3420 Uncommon trap: reason=null_check action=make_not_entrant pc=0x0000022772697d80 method=org.gradle.tooling.internal.provider.runner.ClientBuildEventGenerator$Enabled.accept(Lorg/gradle/internal/operations/BuildOperationDescriptor;)Lorg/gradle/tooling/intern
Event: 14.135 Thread 0x00000227054c3420 DEOPT PACKING pc=0x0000022772697d80 sp=0x0000005de47fea40
Event: 14.135 Thread 0x00000227054c3420 DEOPT UNPACKING pc=0x0000022771d269a3 sp=0x0000005de47fe978 mode 2
Event: 14.135 Thread 0x0000022705b3d870 Uncommon trap: trap_request=0xfffffff4 fr.pc=0x0000022772697d80 relative=0x0000000000000da0
Event: 14.135 Thread 0x0000022705b3d870 Uncommon trap: reason=null_check action=make_not_entrant pc=0x0000022772697d80 method=org.gradle.tooling.internal.provider.runner.ClientBuildEventGenerator$Enabled.accept(Lorg/gradle/internal/operations/BuildOperationDescriptor;)Lorg/gradle/tooling/intern
Event: 14.135 Thread 0x0000022705b3d870 DEOPT PACKING pc=0x0000022772697d80 sp=0x0000005de68fe470
Event: 14.135 Thread 0x0000022705b3d870 DEOPT UNPACKING pc=0x0000022771d269a3 sp=0x0000005de68fe3a8 mode 2
Event: 14.135 Thread 0x0000022705b62a70 Uncommon trap: trap_request=0xfffffff4 fr.pc=0x0000022772697d80 relative=0x0000000000000da0
Event: 14.135 Thread 0x0000022705b62a70 Uncommon trap: reason=null_check action=make_not_entrant pc=0x0000022772697d80 method=org.gradle.tooling.internal.provider.runner.ClientBuildEventGenerator$Enabled.accept(Lorg/gradle/internal/operations/BuildOperationDescriptor;)Lorg/gradle/tooling/intern
Event: 14.135 Thread 0x0000022705b62a70 DEOPT PACKING pc=0x0000022772697d80 sp=0x0000005de8efe6f0
Event: 14.135 Thread 0x0000022705b62a70 DEOPT UNPACKING pc=0x0000022771d269a3 sp=0x0000005de8efe628 mode 2
Event: 14.135 Thread 0x0000022704008210 Uncommon trap: trap_request=0xfffffff4 fr.pc=0x0000022772697d80 relative=0x0000000000000da0
Event: 14.135 Thread 0x0000022704008210 Uncommon trap: reason=null_check action=make_not_entrant pc=0x0000022772697d80 method=org.gradle.tooling.internal.provider.runner.ClientBuildEventGenerator$Enabled.accept(Lorg/gradle/internal/operations/BuildOperationDescriptor;)Lorg/gradle/tooling/intern
Event: 14.135 Thread 0x0000022704008210 DEOPT PACKING pc=0x0000022772697d80 sp=0x0000005de9dfe740
Event: 14.135 Thread 0x0000022704008210 DEOPT UNPACKING pc=0x0000022771d269a3 sp=0x0000005de9dfe678 mode 2
Event: 14.136 Thread 0x000002270523b5d0 Uncommon trap: trap_request=0xfffffff4 fr.pc=0x0000022772697d80 relative=0x0000000000000da0
Event: 14.136 Thread 0x000002270523b5d0 Uncommon trap: reason=null_check action=make_not_entrant pc=0x0000022772697d80 method=org.gradle.tooling.internal.provider.runner.ClientBuildEventGenerator$Enabled.accept(Lorg/gradle/internal/operations/BuildOperationDescriptor;)Lorg/gradle/tooling/intern
Event: 14.136 Thread 0x000002270523b5d0 DEOPT PACKING pc=0x0000022772697d80 sp=0x0000005de2afe870
Event: 14.136 Thread 0x000002270523b5d0 DEOPT UNPACKING pc=0x0000022771d269a3 sp=0x0000005de2afe7a8 mode 2

Classes unloaded (11 events):
Event: 13.183 Thread 0x000002277fd58bb0 Unloading class 0x0000000100c5ac00 'java/lang/invoke/LambdaForm$DMH+0x0000000100c5ac00'
Event: 13.183 Thread 0x000002277fd58bb0 Unloading class 0x0000000100c5a800 'java/lang/invoke/LambdaForm$DMH+0x0000000100c5a800'
Event: 13.183 Thread 0x000002277fd58bb0 Unloading class 0x0000000100c5a400 'java/lang/invoke/LambdaForm$DMH+0x0000000100c5a400'
Event: 13.183 Thread 0x000002277fd58bb0 Unloading class 0x0000000100c5a000 'java/lang/invoke/LambdaForm$DMH+0x0000000100c5a000'
Event: 13.183 Thread 0x000002277fd58bb0 Unloading class 0x0000000100c59c00 'java/lang/invoke/LambdaForm$DMH+0x0000000100c59c00'
Event: 13.183 Thread 0x000002277fd58bb0 Unloading class 0x0000000100c59000 'java/lang/invoke/LambdaForm$DMH+0x0000000100c59000'
Event: 13.183 Thread 0x000002277fd58bb0 Unloading class 0x0000000100c59400 'java/lang/invoke/LambdaForm$DMH+0x0000000100c59400'
Event: 13.183 Thread 0x000002277fd58bb0 Unloading class 0x0000000100c58c00 'java/lang/invoke/LambdaForm$DMH+0x0000000100c58c00'
Event: 13.183 Thread 0x000002277fd58bb0 Unloading class 0x0000000100c58000 'java/lang/invoke/LambdaForm$DMH+0x0000000100c58000'
Event: 13.183 Thread 0x000002277fd58bb0 Unloading class 0x0000000100c58400 'java/lang/invoke/LambdaForm$DMH+0x0000000100c58400'
Event: 13.183 Thread 0x000002277fd58bb0 Unloading class 0x0000000100c59800 'java/lang/invoke/LambdaForm$DMH+0x0000000100c59800'

Classes redefined (0 events):
No events

Internal exceptions (20 events):
Event: 12.842 Thread 0x000002270523baa0 Exception <a 'java/lang/NoSuchMethodError'{0x0000000087795380}: 'java.lang.Object java.lang.invoke.DirectMethodHandle$Holder.invokeSpecialIFC(java.lang.Object, java.lang.Object, java.lang.Object)'> (0x0000000087795380) 
thrown [s\src\hotspot\share\interpreter\linkResolver.cpp, line 771]
Event: 12.842 Thread 0x000002270bd52f10 Exception <a 'java/lang/NoSuchMethodError'{0x000000008794c6a8}: 'java.lang.Object java.lang.invoke.DirectMethodHandle$Holder.invokeSpecialIFC(java.lang.Object, java.lang.Object, java.lang.Object)'> (0x000000008794c6a8) 
thrown [s\src\hotspot\share\interpreter\linkResolver.cpp, line 771]
Event: 12.842 Thread 0x000002270400e720 Exception <a 'java/lang/NoSuchMethodError'{0x0000000087601bd0}: 'java.lang.Object java.lang.invoke.DirectMethodHandle$Holder.invokeSpecialIFC(java.lang.Object, java.lang.Object, java.lang.Object)'> (0x0000000087601bd0) 
thrown [s\src\hotspot\share\interpreter\linkResolver.cpp, line 771]
Event: 12.842 Thread 0x00000227054bd8b0 Exception <a 'java/lang/NoSuchMethodError'{0x00000000877a0818}: 'java.lang.Object java.lang.invoke.DirectMethodHandle$Holder.invokeSpecialIFC(java.lang.Object, java.lang.Object, java.lang.Object)'> (0x00000000877a0818) 
thrown [s\src\hotspot\share\interpreter\linkResolver.cpp, line 771]
Event: 12.842 Thread 0x0000022705235590 Exception <a 'java/lang/NoSuchMethodError'{0x00000000877bf8f8}: 'java.lang.Object java.lang.invoke.DirectMethodHandle$Holder.invokeSpecialIFC(java.lang.Object, java.lang.Object, java.lang.Object)'> (0x00000000877bf8f8) 
thrown [s\src\hotspot\share\interpreter\linkResolver.cpp, line 771]
Event: 12.842 Thread 0x00000227052398f0 Exception <a 'java/lang/NoSuchMethodError'{0x00000000877ceec0}: 'java.lang.Object java.lang.invoke.DirectMethodHandle$Holder.invokeSpecialIFC(java.lang.Object, java.lang.Object, java.lang.Object)'> (0x00000000877ceec0) 
thrown [s\src\hotspot\share\interpreter\linkResolver.cpp, line 771]
Event: 12.842 Thread 0x00000227054c0da0 Exception <a 'java/lang/NoSuchMethodError'{0x00000000877afac0}: 'java.lang.Object java.lang.invoke.DirectMethodHandle$Holder.invokeSpecialIFC(java.lang.Object, java.lang.Object, java.lang.Object)'> (0x00000000877afac0) 
thrown [s\src\hotspot\share\interpreter\linkResolver.cpp, line 771]
Event: 12.958 Thread 0x0000022705b5f580 Exception <a 'java/lang/NoSuchMethodError'{0x000000008987e748}: 'void java.lang.invoke.DirectMethodHandle$Holder.invokeVirtual(java.lang.Object, java.lang.Object)'> (0x000000008987e748) 
thrown [s\src\hotspot\share\interpreter\linkResolver.cpp, line 771]
Event: 13.811 Thread 0x000002270bd52f10 Exception <a 'java/lang/NoSuchMethodError'{0x000000008a7c1478}: 'void java.lang.invoke.DirectMethodHandle$Holder.invokeInterface(java.lang.Object, java.lang.Object, java.lang.Object, java.lang.Object)'> (0x000000008a7c1478) 
thrown [s\src\hotspot\share\interpreter\linkResolver.cpp, line 771]
Event: 14.133 Thread 0x0000022704006ed0 Implicit null exception at 0x000002277269734e to 0x0000022772697d58
Event: 14.133 Thread 0x00000227054bfa60 Implicit null exception at 0x000002277269734e to 0x0000022772697d58
Event: 14.133 Thread 0x0000022705b3e6e0 Implicit null exception at 0x000002277269734e to 0x0000022772697d58
Event: 14.133 Thread 0x0000022705b63410 Implicit null exception at 0x000002277269734e to 0x0000022772697d58
Event: 14.133 Thread 0x00000227054c38f0 Implicit null exception at 0x000002277269734e to 0x0000022772697d58
Event: 14.133 Thread 0x00000227054c2f50 Implicit null exception at 0x000002277269734e to 0x0000022772697d58
Event: 14.133 Thread 0x00000227054c3420 Implicit null exception at 0x000002277269734e to 0x0000022772697d58
Event: 14.133 Thread 0x0000022705b3d870 Implicit null exception at 0x000002277269734e to 0x0000022772697d58
Event: 14.133 Thread 0x0000022705b62a70 Implicit null exception at 0x000002277269734e to 0x0000022772697d58
Event: 14.133 Thread 0x0000022704008210 Implicit null exception at 0x000002277269734e to 0x0000022772697d58
Event: 14.133 Thread 0x000002270523b5d0 Implicit null exception at 0x000002277269734e to 0x0000022772697d58

VM Operations (20 events):
Event: 12.863 Executing VM operation: G1CollectForAllocation done
Event: 12.881 Executing VM operation: G1CollectForAllocation
Event: 12.889 Executing VM operation: G1CollectForAllocation done
Event: 13.111 Executing VM operation: G1CollectForAllocation
Event: 13.115 Executing VM operation: G1CollectForAllocation done
Event: 13.182 Executing VM operation: G1Concurrent
Event: 13.274 Executing VM operation: G1Concurrent done
Event: 13.297 Executing VM operation: G1Concurrent
Event: 13.300 Executing VM operation: G1Concurrent done
Event: 13.657 Executing VM operation: ICBufferFull
Event: 13.657 Executing VM operation: ICBufferFull done
Event: 13.700 Executing VM operation: G1CollectForAllocation
Event: 13.718 Executing VM operation: G1CollectForAllocation done
Event: 13.761 Executing VM operation: G1CollectForAllocation
Event: 13.771 Executing VM operation: G1CollectForAllocation done
Event: 13.889 Executing VM operation: HandshakeAllThreads
Event: 13.889 Executing VM operation: HandshakeAllThreads done
Event: 14.032 Executing VM operation: ICBufferFull
Event: 14.032 Executing VM operation: ICBufferFull done
Event: 14.158 Executing VM operation: G1CollectForAllocation

Events (20 events):
Event: 12.368 loading class java/time/InstantSource done
Event: 12.368 loading class java/time/Clock done
Event: 12.368 loading class java/time/Clock$SystemClock
Event: 12.369 loading class java/time/Clock$SystemClock done
Event: 12.374 loading class java/io/ObjectStreamClass$ExceptionInfo
Event: 12.374 loading class java/io/ObjectStreamClass$ExceptionInfo done
Event: 12.779 Thread 0x000002270283a940 flushing nmethod 0x000002276aca4010
Event: 12.785 Thread 0x000002270283a940 flushing nmethod 0x000002276b332890
Event: 12.892 loading class java/util/stream/ReferencePipeline$4
Event: 12.893 loading class java/util/stream/ReferencePipeline$4 done
Event: 12.893 loading class java/util/function/IntBinaryOperator
Event: 12.893 loading class java/util/function/IntBinaryOperator done
Event: 12.893 loading class java/util/stream/ReduceOps$6
Event: 12.894 loading class java/util/stream/ReduceOps$6 done
Event: 12.894 loading class java/util/stream/ReduceOps$5ReducingSink
Event: 12.894 loading class java/util/stream/ReduceOps$5ReducingSink done
Event: 12.894 loading class java/util/stream/ReferencePipeline$4$1
Event: 12.894 loading class java/util/stream/ReferencePipeline$4$1 done
Event: 13.654 loading class java/util/stream/SortedOps$SizedRefSortingSink
Event: 13.656 loading class java/util/stream/SortedOps$SizedRefSortingSink done


Dynamic libraries:
0x00007ff606ec0000 - 0x00007ff606eca000 	C:\Program Files\Android\Android Studio\jbr\bin\java.exe
0x00007ffdd3610000 - 0x00007ffdd3807000 	C:\Windows\SYSTEM32\ntdll.dll
0x00007ffdd25e0000 - 0x00007ffdd269d000 	C:\Windows\System32\KERNEL32.DLL
0x00007ffdd1270000 - 0x00007ffdd1566000 	C:\Windows\System32\KERNELBASE.dll
0x00007ffdd10e0000 - 0x00007ffdd11e0000 	C:\Windows\System32\ucrtbase.dll
0x00007ffdc5cb0000 - 0x00007ffdc5cc7000 	C:\Program Files\Android\Android Studio\jbr\bin\jli.dll
0x00007ffdcdf70000 - 0x00007ffdcdf8b000 	C:\Program Files\Android\Android Studio\jbr\bin\VCRUNTIME140.dll
0x00007ffdd1670000 - 0x00007ffdd180e000 	C:\Windows\System32\USER32.dll
0x00007ffdd1610000 - 0x00007ffdd1632000 	C:\Windows\System32\win32u.dll
0x00007ffdd3380000 - 0x00007ffdd33ac000 	C:\Windows\System32\GDI32.dll
0x00007ffdb55f0000 - 0x00007ffdb588a000 	C:\Windows\WinSxS\amd64_microsoft.windows.common-controls_6595b64144ccf1df_6.0.19041.3570_none_60bb2a3971f3e41a\COMCTL32.dll
0x00007ffdd0f50000 - 0x00007ffdd106a000 	C:\Windows\System32\gdi32full.dll
0x00007ffdd2750000 - 0x00007ffdd27ee000 	C:\Windows\System32\msvcrt.dll
0x00007ffdd1570000 - 0x00007ffdd160d000 	C:\Windows\System32\msvcp_win.dll
0x00007ffdd1d00000 - 0x00007ffdd1d30000 	C:\Windows\System32\IMM32.DLL
0x00007ffdca3a0000 - 0x00007ffdca3ac000 	C:\Program Files\Android\Android Studio\jbr\bin\vcruntime140_1.dll
0x00007ffdacfd0000 - 0x00007ffdad05d000 	C:\Program Files\Android\Android Studio\jbr\bin\msvcp140.dll
0x00007ffd62830000 - 0x00007ffd6349e000 	C:\Program Files\Android\Android Studio\jbr\bin\server\jvm.dll
0x00007ffdd3120000 - 0x00007ffdd31ce000 	C:\Windows\System32\ADVAPI32.dll
0x00007ffdd2430000 - 0x00007ffdd24cc000 	C:\Windows\System32\sechost.dll
0x00007ffdd21b0000 - 0x00007ffdd22d6000 	C:\Windows\System32\RPCRT4.dll
0x00007ffdc69d0000 - 0x00007ffdc69f7000 	C:\Windows\SYSTEM32\WINMM.dll
0x00007ffdc6a00000 - 0x00007ffdc6a0a000 	C:\Windows\SYSTEM32\VERSION.dll
0x00007ffdb8680000 - 0x00007ffdb8689000 	C:\Windows\SYSTEM32\WSOCK32.dll
0x00007ffdd23c0000 - 0x00007ffdd242b000 	C:\Windows\System32\WS2_32.dll
0x00007ffdcf520000 - 0x00007ffdcf532000 	C:\Windows\SYSTEM32\kernel.appcore.dll
0x00007ffdcdf50000 - 0x00007ffdcdf5a000 	C:\Program Files\Android\Android Studio\jbr\bin\jimage.dll
0x00007ffdceb60000 - 0x00007ffdced44000 	C:\Windows\SYSTEM32\DBGHELP.DLL
0x00007ffdbdcf0000 - 0x00007ffdbdd24000 	C:\Windows\SYSTEM32\dbgcore.DLL
0x00007ffdd11e0000 - 0x00007ffdd1262000 	C:\Windows\System32\bcryptPrimitives.dll
0x00007ffdca420000 - 0x00007ffdca445000 	C:\Program Files\Android\Android Studio\jbr\bin\java.dll
0x00007ffdcc2a0000 - 0x00007ffdcc2b8000 	C:\Program Files\Android\Android Studio\jbr\bin\zip.dll
0x00007ffdd2970000 - 0x00007ffdd30b4000 	C:\Windows\System32\SHELL32.dll
0x00007ffdced70000 - 0x00007ffdcf50b000 	C:\Windows\SYSTEM32\windows.storage.dll
0x00007ffdd1d30000 - 0x00007ffdd2084000 	C:\Windows\System32\combase.dll
0x00007ffdd0660000 - 0x00007ffdd068d000 	C:\Windows\SYSTEM32\Wldp.dll
0x00007ffdd28c0000 - 0x00007ffdd296d000 	C:\Windows\System32\SHCORE.dll
0x00007ffdd22f0000 - 0x00007ffdd2345000 	C:\Windows\System32\shlwapi.dll
0x00007ffdd0c20000 - 0x00007ffdd0c45000 	C:\Windows\SYSTEM32\profapi.dll
0x00007ffdcb3d0000 - 0x00007ffdcb3e9000 	C:\Program Files\Android\Android Studio\jbr\bin\net.dll
0x00007ffdc6bf0000 - 0x00007ffdc6cfa000 	C:\Windows\SYSTEM32\WINHTTP.dll
0x00007ffdd03c0000 - 0x00007ffdd042a000 	C:\Windows\system32\mswsock.dll
0x00007ffdca370000 - 0x00007ffdca386000 	C:\Program Files\Android\Android Studio\jbr\bin\nio.dll
0x00007ffdcb260000 - 0x00007ffdcb270000 	C:\Program Files\Android\Android Studio\jbr\bin\verify.dll
0x00007ffdca3b0000 - 0x00007ffdca3d7000 	C:\Users\A\.gradle\native\e1d6ef7f7dcc3fd88c89a11ec53ec762bb8ba0a96d01ffa2cd45eb1d1d8dd5c5\windows-amd64\native-platform.dll
0x00007ffd967c0000 - 0x00007ffd96904000 	C:\Users\A\.gradle\native\0d407fdbe67a94daf76414ababcb853783967236a71b16ec16e742cd7a986fd3\windows-amd64\native-platform-file-events.dll
0x00007ffdca360000 - 0x00007ffdca369000 	C:\Program Files\Android\Android Studio\jbr\bin\management.dll
0x00007ffdca210000 - 0x00007ffdca21b000 	C:\Program Files\Android\Android Studio\jbr\bin\management_ext.dll
0x00007ffdd22e0000 - 0x00007ffdd22e8000 	C:\Windows\System32\PSAPI.DLL
0x00007ffdd05c0000 - 0x00007ffdd05d8000 	C:\Windows\SYSTEM32\CRYPTSP.dll
0x00007ffdcfcd0000 - 0x00007ffdcfd04000 	C:\Windows\system32\rsaenh.dll
0x00007ffdd1640000 - 0x00007ffdd1667000 	C:\Windows\System32\bcrypt.dll
0x00007ffdd0ba0000 - 0x00007ffdd0bce000 	C:\Windows\SYSTEM32\USERENV.dll
0x00007ffdd05b0000 - 0x00007ffdd05bc000 	C:\Windows\SYSTEM32\CRYPTBASE.dll
0x00007ffdd00b0000 - 0x00007ffdd00eb000 	C:\Windows\SYSTEM32\IPHLPAPI.DLL
0x00007ffdd3490000 - 0x00007ffdd3498000 	C:\Windows\System32\NSI.dll
0x00007ffdc8730000 - 0x00007ffdc8747000 	C:\Windows\SYSTEM32\dhcpcsvc6.DLL
0x00007ffdc8710000 - 0x00007ffdc872d000 	C:\Windows\SYSTEM32\dhcpcsvc.DLL
0x00007ffdd00f0000 - 0x00007ffdd01ba000 	C:\Windows\SYSTEM32\DNSAPI.dll
0x00007ffdc4320000 - 0x00007ffdc4327000 	C:\Windows\system32\wshunix.dll
0x00007ffd77cb0000 - 0x00007ffd77cc7000 	C:\Windows\system32\napinsp.dll
0x00007ffd77c90000 - 0x00007ffd77cab000 	C:\Windows\system32\pnrpnsp.dll
0x00007ffda8480000 - 0x00007ffda8495000 	C:\Windows\system32\wshbth.dll
0x00007ffdcc1e0000 - 0x00007ffdcc1fd000 	C:\Windows\system32\NLAapi.dll
0x00007ffd8d6a0000 - 0x00007ffd8d6b2000 	C:\Windows\System32\winrnr.dll
0x00007ffdc47e0000 - 0x00007ffdc47ea000 	C:\Windows\System32\rasadhlp.dll
0x00007ffdc10d0000 - 0x00007ffdc1152000 	C:\Windows\System32\fwpuclnt.dll

dbghelp: loaded successfully - version: 4.0.5 - missing functions: none
symbol engine: initialized successfully - sym options: 0x614 - pdb path: .;C:\Program Files\Android\Android Studio\jbr\bin;C:\Windows\SYSTEM32;C:\Windows\WinSxS\amd64_microsoft.windows.common-controls_6595b64144ccf1df_6.0.19041.3570_none_60bb2a3971f3e41a;C:\Program Files\Android\Android Studio\jbr\bin\server;C:\Users\A\.gradle\native\e1d6ef7f7dcc3fd88c89a11ec53ec762bb8ba0a96d01ffa2cd45eb1d1d8dd5c5\windows-amd64;C:\Users\A\.gradle\native\0d407fdbe67a94daf76414ababcb853783967236a71b16ec16e742cd7a986fd3\windows-amd64

VM Arguments:
jvm_args: --add-opens=java.base/java.util=ALL-UNNAMED --add-opens=java.base/java.lang=ALL-UNNAMED --add-opens=java.base/java.lang.invoke=ALL-UNNAMED --add-opens=java.base/java.util=ALL-UNNAMED --add-opens=java.prefs/java.util.prefs=ALL-UNNAMED --add-opens=java.prefs/java.util.prefs=ALL-UNNAMED --add-opens=java.base/java.nio.charset=ALL-UNNAMED --add-opens=java.base/java.net=ALL-UNNAMED --add-opens=java.base/java.util.concurrent.atomic=ALL-UNNAMED -Xmx2048m -Dfile.encoding=UTF-8 -Duser.country=ID -Duser.language=en -Duser.variant 
java_command: org.gradle.launcher.daemon.bootstrap.GradleDaemon 7.5
java_class_path (initial): C:\Users\A\.gradle\wrapper\dists\gradle-7.5-bin\f1w0cc9nuo0eivz97x2xlu9sv\gradle-7.5\lib\gradle-launcher-7.5.jar
Launcher Type: SUN_STANDARD

[Global flags]
     intx CICompilerCount                          = 4                                         {product} {ergonomic}
     uint ConcGCThreads                            = 3                                         {product} {ergonomic}
     uint G1ConcRefinementThreads                  = 10                                        {product} {ergonomic}
   size_t G1HeapRegionSize                         = 1048576                                   {product} {ergonomic}
    uintx GCDrainStackTargetSize                   = 64                                        {product} {ergonomic}
   size_t InitialHeapSize                          = 98566144                                  {product} {ergonomic}
   size_t MarkStackSize                            = 4194304                                   {product} {ergonomic}
   size_t MaxHeapSize                              = 2147483648                                {product} {command line}
   size_t MaxNewSize                               = 1287651328                                {product} {ergonomic}
   size_t MinHeapDeltaBytes                        = 1048576                                   {product} {ergonomic}
   size_t MinHeapSize                              = 8388608                                   {product} {ergonomic}
    uintx NonNMethodCodeHeapSize                   = 5839372                                {pd product} {ergonomic}
    uintx NonProfiledCodeHeapSize                  = 122909434                              {pd product} {ergonomic}
    uintx ProfiledCodeHeapSize                     = 122909434                              {pd product} {ergonomic}
    uintx ReservedCodeCacheSize                    = 251658240                              {pd product} {ergonomic}
     bool SegmentedCodeCache                       = true                                      {product} {ergonomic}
   size_t SoftMaxHeapSize                          = 2147483648                             {manageable} {ergonomic}
     bool UseCompressedClassPointers               = true                           {product lp64_product} {ergonomic}
     bool UseCompressedOops                        = true                           {product lp64_product} {ergonomic}
     bool UseG1GC                                  = true                                      {product} {ergonomic}
     bool UseLargePagesIndividualAllocation        = false                                  {pd product} {ergonomic}

Logging:
Log output configuration:
 #0: stdout all=warning uptime,level,tags
 #1: stderr all=off uptime,level,tags

Environment Variables:
PATH=C:\Program Files\Microsoft MPI\Bin\;C:\Program Files\Common Files\Oracle\Java\javapath;C:\Program Files (x86)\Common Files\Oracle\Java\javapath;C:\Windows\system32;C:\Windows;C:\Windows\System32\Wbem;C:\Windows\System32\WindowsPowerShell\v1.0\;C:\Windows\System32\OpenSSH\;C:\Program Files\Git\cmd;C:\Program Files\nodejs\;C:\Program Files\Microsoft SQL Server\150\Tools\Binn\;C:\Program Files\Microsoft SQL Server\Client SDK\ODBC\170\Tools\Binn\;C:\Program Files\dotnet\;C:\Users\A\AppData\Local\Programs\Python\Launcher\;C:\Users\A\AppData\Local\Microsoft\WindowsApps;;C:\Users\A\AppData\Local\Programs\Microsoft VS Code\bin;C:\Users\A\AppData\Roaming\npm;C:\Program Files\JetBrains\IntelliJ IDEA Community Edition 2022.1.4\bin;;C:\Users\A\.dotnet\tools
USERNAME=A
OS=Windows_NT
PROCESSOR_IDENTIFIER=AMD64 Family 23 Model 104 Stepping 1, AuthenticAMD
TMP=C:\Users\A\AppData\Local\Temp
TEMP=C:\Users\A\AppData\Local\Temp


JNI global refs:
JNI global refs: 25, weak refs: 24

JNI global refs memory usage: 843, weak refs: 841


---------------  S Y S T E M  ---------------

OS:
 Windows 10 , 64 bit Build 19041 (10.0.19041.3570)
OS uptime: 4 days 9:51 hours

CPU: total 12 (initial active 12) (12 cores per cpu, 2 threads per core) family 23 model 104 stepping 1 microcode 0x0, cx8, cmov, fxsr, ht, mmx, 3dnowpref, sse, sse2, sse3, ssse3, sse4a, sse4.1, sse4.2, popcnt, lzcnt, tsc, tscinvbit, avx, avx2, aes, clmul, bmi1, bmi2, adx, sha, fma, vzeroupper, clflush, clflushopt

Memory: 4k page, system-wide physical 6005M (80M free)
TotalPageFile size 24437M (AvailPageFile size 38M)
current process WorkingSet (physical memory assigned to process): 298M, peak: 321M
current process commit charge ("private bytes"): 468M, peak: 643M

vm_info: OpenJDK 64-Bit Server VM (17.0.6+0-b2043.56-10027231) for windows-amd64 JRE (17.0.6+0-b2043.56-10027231), built on Apr 28 2023 00:43:19 by "androidbuild" with MS VC++ 16.10 / 16.11 (VS2019)

END.
